[debug] [2020-11-15T09:05:39.832Z] ----------------------------------------------------------------------
[debug] [2020-11-15T09:05:39.834Z] Command:       C:\Program Files\nodejs\node.exe C:\Users\hjkim\AppData\Roaming\npm\node_modules\firebase-tools\lib\bin\firebase.js --debug deploy
[debug] [2020-11-15T09:05:39.834Z] CLI Version:   8.16.1
[debug] [2020-11-15T09:05:39.834Z] Platform:      win32
[debug] [2020-11-15T09:05:39.834Z] Node Version:  v10.16.0
[debug] [2020-11-15T09:05:39.836Z] Time:          Sun Nov 15 2020 18:05:39 GMT+0900 (GMT+09:00)
[debug] [2020-11-15T09:05:39.836Z] ----------------------------------------------------------------------
[debug] [2020-11-15T09:05:39.836Z] 
[debug] [2020-11-15T09:05:39.847Z] > command requires scopes: ["email","openid","https://www.googleapis.com/auth/cloudplatformprojects.readonly","https://www.googleapis.com/auth/firebase","https://www.googleapis.com/auth/cloud-platform"]
[debug] [2020-11-15T09:05:39.850Z] > authorizing via signed-in user
[debug] [2020-11-15T09:05:39.858Z] [iam] checking project allroundeditor-dcc51 for permissions ["cloudfunctions.functions.create","cloudfunctions.functions.delete","cloudfunctions.functions.get","cloudfunctions.functions.list","cloudfunctions.functions.update","cloudfunctions.operations.get","firebase.projects.get","firebasehosting.sites.update","firebaserules.releases.create","firebaserules.releases.update","firebaserules.rulesets.create"]
[debug] [2020-11-15T09:05:39.864Z] >>> HTTP REQUEST POST https://cloudresourcemanager.googleapis.com/v1/projects/allroundeditor-dcc51:testIamPermissions  
 {"permissions":["cloudfunctions.functions.create","cloudfunctions.functions.delete","cloudfunctions.functions.get","cloudfunctions.functions.list","cloudfunctions.functions.update","cloudfunctions.operations.get","firebase.projects.get","firebasehosting.sites.update","firebaserules.releases.create","firebaserules.releases.update","firebaserules.rulesets.create"]}
[debug] [2020-11-15T09:05:40.651Z] <<< HTTP RESPONSE 200 {"content-type":"application/json; charset=UTF-8","vary":"X-Origin, Referer, Origin,Accept-Encoding","date":"Sun, 15 Nov 2020 09:05:41 GMT","server":"ESF","cache-control":"private","x-xss-protection":"0","x-frame-options":"SAMEORIGIN","x-content-type-options":"nosniff","server-timing":"gfet4t7; dur=581","alt-svc":"h3-Q050=\":443\"; ma=2592000,h3-29=\":443\"; ma=2592000,h3-T051=\":443\"; ma=2592000,h3-Q046=\":443\"; ma=2592000,h3-Q043=\":443\"; ma=2592000,quic=\":443\"; ma=2592000; v=\"46,43\"","accept-ranges":"none","transfer-encoding":"chunked"}
[debug] [2020-11-15T09:05:40.656Z] >>> HTTP REQUEST POST https://iam.googleapis.com/v1/projects/allroundeditor-dcc51/serviceAccounts/allroundeditor-dcc51@appspot.gserviceaccount.com:testIamPermissions  
 {"permissions":["iam.serviceAccounts.actAs"]}
[debug] [2020-11-15T09:05:41.603Z] <<< HTTP RESPONSE 200 {"content-type":"application/json; charset=UTF-8","vary":"X-Origin, Referer, Origin,Accept-Encoding","date":"Sun, 15 Nov 2020 09:05:42 GMT","server":"ESF","cache-control":"private","x-xss-protection":"0","x-frame-options":"SAMEORIGIN","x-content-type-options":"nosniff","alt-svc":"h3-Q050=\":443\"; ma=2592000,h3-29=\":443\"; ma=2592000,h3-T051=\":443\"; ma=2592000,h3-Q046=\":443\"; ma=2592000,h3-Q043=\":443\"; ma=2592000,quic=\":443\"; ma=2592000; v=\"46,43\"","accept-ranges":"none","transfer-encoding":"chunked"}
[debug] [2020-11-15T09:05:41.608Z] >>> HTTP REQUEST GET https://firebase.googleapis.com/v1beta1/projects/allroundeditor-dcc51  
 
[debug] [2020-11-15T09:05:42.252Z] <<< HTTP RESPONSE 200 {"content-type":"application/json; charset=UTF-8","vary":"X-Origin, Referer, Origin,Accept-Encoding","date":"Sun, 15 Nov 2020 09:05:42 GMT","server":"ESF","cache-control":"private","x-xss-protection":"0","x-frame-options":"SAMEORIGIN","x-content-type-options":"nosniff","alt-svc":"h3-Q050=\":443\"; ma=2592000,h3-29=\":443\"; ma=2592000,h3-T051=\":443\"; ma=2592000,h3-Q046=\":443\"; ma=2592000,h3-Q043=\":443\"; ma=2592000,quic=\":443\"; ma=2592000; v=\"46,43\"","accept-ranges":"none","transfer-encoding":"chunked"}
[info] 
[info] === Deploying to 'allroundeditor-dcc51'...
[info] 
[info] i  deploying storage, functions, hosting 
[debug] [2020-11-15T09:05:45.755Z] >>> HTTP REQUEST GET https://appengine.googleapis.com/v1/apps/allroundeditor-dcc51  
 
[debug] [2020-11-15T09:05:46.457Z] <<< HTTP RESPONSE 200 {"content-type":"application/json; charset=UTF-8","vary":"X-Origin, Referer, Origin,Accept-Encoding","date":"Sun, 15 Nov 2020 09:05:47 GMT","server":"ESF","cache-control":"private","x-xss-protection":"0","x-frame-options":"SAMEORIGIN","x-content-type-options":"nosniff","alt-svc":"h3-Q050=\":443\"; ma=2592000,h3-29=\":443\"; ma=2592000,h3-T051=\":443\"; ma=2592000,h3-Q046=\":443\"; ma=2592000,h3-Q043=\":443\"; ma=2592000,quic=\":443\"; ma=2592000; v=\"46,43\"","accept-ranges":"none","transfer-encoding":"chunked"}
[info] i  firebase.storage: checking storage.rules for compilation errors... 
[debug] [2020-11-15T09:05:46.470Z] >>> HTTP REQUEST POST https://firebaserules.googleapis.com/v1/projects/allroundeditor-dcc51:test  
 {"source":{"files":[{"name":"storage.rules","content":"rules_version = '2';\r\nservice firebase.storage {\r\n  match /b/{bucket}/o {\r\n    match /{allPaths=**} {\r\n      allow read, write: if request.auth!=null;\r\n    }\r\n  }\r\n}\r\n"}]}}
[debug] [2020-11-15T09:05:47.075Z] <<< HTTP RESPONSE 200 {"content-type":"application/json; charset=UTF-8","vary":"X-Origin, Referer, Origin,Accept-Encoding","date":"Sun, 15 Nov 2020 09:05:47 GMT","server":"ESF","cache-control":"private","x-xss-protection":"0","x-frame-options":"SAMEORIGIN","x-content-type-options":"nosniff","alt-svc":"h3-Q050=\":443\"; ma=2592000,h3-29=\":443\"; ma=2592000,h3-T051=\":443\"; ma=2592000,h3-Q046=\":443\"; ma=2592000,h3-Q043=\":443\"; ma=2592000,quic=\":443\"; ma=2592000; v=\"46,43\"","accept-ranges":"none","transfer-encoding":"chunked"}
[info] +  firebase.storage: rules file storage.rules compiled successfully 
[debug] [2020-11-15T09:05:47.091Z] > [functions] package.json contents: {
  "name": "functions",
  "description": "Cloud Functions for Firebase",
  "scripts": {
    "serve": "firebase emulators:start --only functions",
    "shell": "firebase functions:shell",
    "start": "npm run shell",
    "deploy": "firebase deploy --only functions",
    "logs": "firebase functions:log"
  },
  "engines": {
    "node": "12"
  },
  "main": "index.js",
  "dependencies": {
    "express": "^4.17.1",
    "firebase-admin": "^9.2.0",
    "firebase-functions": "^3.11.0"
  },
  "devDependencies": {
    "firebase-functions-test": "^0.2.0"
  },
  "private": true
}
[info] i  functions: ensuring required API cloudfunctions.googleapis.com is enabled... 
[info] i  functions: ensuring required API cloudbuild.googleapis.com is enabled... 
[debug] [2020-11-15T09:05:49.042Z] >>> HTTP REQUEST GET https://serviceusage.googleapis.com/v1/projects/allroundeditor-dcc51/services/cloudfunctions.googleapis.com  
 
[debug] [2020-11-15T09:05:49.045Z] >>> HTTP REQUEST GET https://serviceusage.googleapis.com/v1/projects/allroundeditor-dcc51/services/runtimeconfig.googleapis.com  
 
[debug] [2020-11-15T09:05:49.048Z] >>> HTTP REQUEST GET https://serviceusage.googleapis.com/v1/projects/allroundeditor-dcc51/services/cloudbuild.googleapis.com  
 
[debug] [2020-11-15T09:05:50.230Z] <<< HTTP RESPONSE 200 {"content-type":"application/json; charset=UTF-8","vary":"X-Origin, Referer, Origin,Accept-Encoding","date":"Sun, 15 Nov 2020 09:05:50 GMT","server":"ESF","cache-control":"private","x-xss-protection":"0","x-frame-options":"SAMEORIGIN","x-content-type-options":"nosniff","alt-svc":"h3-Q050=\":443\"; ma=2592000,h3-29=\":443\"; ma=2592000,h3-T051=\":443\"; ma=2592000,h3-Q046=\":443\"; ma=2592000,h3-Q043=\":443\"; ma=2592000,quic=\":443\"; ma=2592000; v=\"46,43\"","accept-ranges":"none","transfer-encoding":"chunked"}
[debug] [2020-11-15T09:05:50.273Z] <<< HTTP RESPONSE 200 {"content-type":"application/json; charset=UTF-8","vary":"X-Origin, Referer, Origin,Accept-Encoding","date":"Sun, 15 Nov 2020 09:05:50 GMT","server":"ESF","cache-control":"private","x-xss-protection":"0","x-frame-options":"SAMEORIGIN","x-content-type-options":"nosniff","alt-svc":"h3-Q050=\":443\"; ma=2592000,h3-29=\":443\"; ma=2592000,h3-T051=\":443\"; ma=2592000,h3-Q046=\":443\"; ma=2592000,h3-Q043=\":443\"; ma=2592000,quic=\":443\"; ma=2592000; v=\"46,43\"","accept-ranges":"none","transfer-encoding":"chunked"}
[info] +  functions: required API cloudbuild.googleapis.com is enabled 
[debug] [2020-11-15T09:05:50.288Z] <<< HTTP RESPONSE 200 {"content-type":"application/json; charset=UTF-8","vary":"X-Origin, Referer, Origin,Accept-Encoding","date":"Sun, 15 Nov 2020 09:05:50 GMT","server":"ESF","cache-control":"private","x-xss-protection":"0","x-frame-options":"SAMEORIGIN","x-content-type-options":"nosniff","alt-svc":"h3-Q050=\":443\"; ma=2592000,h3-29=\":443\"; ma=2592000,h3-T051=\":443\"; ma=2592000,h3-Q046=\":443\"; ma=2592000,h3-Q043=\":443\"; ma=2592000,quic=\":443\"; ma=2592000; v=\"46,43\"","accept-ranges":"none","transfer-encoding":"chunked"}
[info] +  functions: required API cloudfunctions.googleapis.com is enabled 
[debug] [2020-11-15T09:05:50.292Z] >>> HTTP REQUEST GET https://firebase.googleapis.com/v1beta1/projects/allroundeditor-dcc51/adminSdkConfig  
 
[debug] [2020-11-15T09:05:50.943Z] <<< HTTP RESPONSE 200 {"content-type":"application/json; charset=UTF-8","vary":"X-Origin, Referer, Origin,Accept-Encoding","date":"Sun, 15 Nov 2020 09:05:51 GMT","server":"ESF","cache-control":"private","x-xss-protection":"0","x-frame-options":"SAMEORIGIN","x-content-type-options":"nosniff","alt-svc":"h3-Q050=\":443\"; ma=2592000,h3-29=\":443\"; ma=2592000,h3-T051=\":443\"; ma=2592000,h3-Q046=\":443\"; ma=2592000,h3-Q043=\":443\"; ma=2592000,quic=\":443\"; ma=2592000; v=\"46,43\"","accept-ranges":"none","transfer-encoding":"chunked"}
[debug] [2020-11-15T09:05:50.947Z] >>> HTTP REQUEST POST https://firebasehosting.googleapis.com/v1beta1/sites/allroundeditor-dcc51/versions  
 {"config":{"rewrites":[{"glob":"**","path":"/index.html"}]},"labels":{"deployment-tool":"cli-firebase"}}
[debug] [2020-11-15T09:05:52.274Z] <<< HTTP RESPONSE 200 {"content-type":"application/json; charset=UTF-8","vary":"X-Origin, Referer, Origin,Accept-Encoding","date":"Sun, 15 Nov 2020 09:05:52 GMT","server":"ESF","cache-control":"private","x-xss-protection":"0","x-frame-options":"SAMEORIGIN","x-content-type-options":"nosniff","alt-svc":"h3-Q050=\":443\"; ma=2592000,h3-29=\":443\"; ma=2592000,h3-T051=\":443\"; ma=2592000,h3-Q046=\":443\"; ma=2592000,h3-Q043=\":443\"; ma=2592000,quic=\":443\"; ma=2592000; v=\"46,43\"","accept-ranges":"none","transfer-encoding":"chunked"}
[debug] [2020-11-15T09:05:52.290Z] >>> HTTP REQUEST GET https://firebaserules.googleapis.com/v1/projects/allroundeditor-dcc51/releases?pageSize=10&pageToken=  
 
[debug] [2020-11-15T09:05:53.499Z] <<< HTTP RESPONSE 200 {"content-type":"application/json; charset=UTF-8","vary":"X-Origin, Referer, Origin,Accept-Encoding","date":"Sun, 15 Nov 2020 09:05:54 GMT","server":"ESF","cache-control":"private","x-xss-protection":"0","x-frame-options":"SAMEORIGIN","x-content-type-options":"nosniff","alt-svc":"h3-Q050=\":443\"; ma=2592000,h3-29=\":443\"; ma=2592000,h3-T051=\":443\"; ma=2592000,h3-Q046=\":443\"; ma=2592000,h3-Q043=\":443\"; ma=2592000,quic=\":443\"; ma=2592000; v=\"46,43\"","accept-ranges":"none","transfer-encoding":"chunked"}
[debug] [2020-11-15T09:05:53.514Z] >>> HTTP REQUEST GET https://firebaserules.googleapis.com/v1/projects/allroundeditor-dcc51/rulesets/bac65d63-f5cf-43e9-905d-6623e7062d46  
 
[debug] [2020-11-15T09:05:53.975Z] <<< HTTP RESPONSE 200 {"content-type":"application/json; charset=UTF-8","vary":"X-Origin, Referer, Origin,Accept-Encoding","date":"Sun, 15 Nov 2020 09:05:54 GMT","server":"ESF","cache-control":"private","x-xss-protection":"0","x-frame-options":"SAMEORIGIN","x-content-type-options":"nosniff","alt-svc":"h3-Q050=\":443\"; ma=2592000,h3-29=\":443\"; ma=2592000,h3-T051=\":443\"; ma=2592000,h3-Q046=\":443\"; ma=2592000,h3-Q043=\":443\"; ma=2592000,quic=\":443\"; ma=2592000; v=\"46,43\"","accept-ranges":"none","transfer-encoding":"chunked"}
[info] i  storage: latest version of storage.rules already up to date, skipping upload... 
[info] i  functions: preparing functions directory for uploading... 
[debug] [2020-11-15T09:05:53.993Z] >>> HTTP REQUEST GET https://runtimeconfig.googleapis.com/v1beta1/projects/allroundeditor-dcc51/configs  
 
[debug] [2020-11-15T09:05:54.748Z] <<< HTTP RESPONSE 200 {"content-type":"application/json; charset=UTF-8","vary":"X-Origin, Referer, Origin,Accept-Encoding","date":"Sun, 15 Nov 2020 09:05:55 GMT","server":"ESF","cache-control":"private","x-xss-protection":"0","x-frame-options":"SAMEORIGIN","x-content-type-options":"nosniff","alt-svc":"h3-Q050=\":443\"; ma=2592000,h3-29=\":443\"; ma=2592000,h3-T051=\":443\"; ma=2592000,h3-Q046=\":443\"; ma=2592000,h3-Q043=\":443\"; ma=2592000,quic=\":443\"; ma=2592000; v=\"46,43\"","accept-ranges":"none","transfer-encoding":"chunked"}
[info] i  functions: packaged functions (28.76 KB) for uploading 
[debug] [2020-11-15T09:05:55.668Z] >>> HTTP REQUEST GET https://cloudfunctions.googleapis.com/v1/projects/allroundeditor-dcc51/locations/-/functions  
 
[debug] [2020-11-15T09:05:56.437Z] <<< HTTP RESPONSE 200 {"content-type":"application/json; charset=UTF-8","vary":"X-Origin, Referer, Origin,Accept-Encoding","date":"Sun, 15 Nov 2020 09:05:57 GMT","server":"ESF","cache-control":"private","x-xss-protection":"0","x-frame-options":"SAMEORIGIN","x-content-type-options":"nosniff","alt-svc":"h3-Q050=\":443\"; ma=2592000,h3-29=\":443\"; ma=2592000,h3-T051=\":443\"; ma=2592000,h3-Q046=\":443\"; ma=2592000,h3-Q043=\":443\"; ma=2592000,quic=\":443\"; ma=2592000; v=\"46,43\"","accept-ranges":"none","transfer-encoding":"chunked"}
[debug] [2020-11-15T09:05:56.450Z] >>> HTTP REQUEST POST https://cloudfunctions.googleapis.com/v1/projects/allroundeditor-dcc51/locations/us-central1/functions:generateUploadUrl  
 
[debug] [2020-11-15T09:05:57.278Z] <<< HTTP RESPONSE 200 {"content-type":"application/json; charset=UTF-8","vary":"X-Origin, Referer, Origin,Accept-Encoding","date":"Sun, 15 Nov 2020 09:05:57 GMT","server":"ESF","cache-control":"private","x-xss-protection":"0","x-frame-options":"SAMEORIGIN","x-content-type-options":"nosniff","alt-svc":"h3-Q050=\":443\"; ma=2592000,h3-29=\":443\"; ma=2592000,h3-T051=\":443\"; ma=2592000,h3-Q046=\":443\"; ma=2592000,h3-Q043=\":443\"; ma=2592000,quic=\":443\"; ma=2592000; v=\"46,43\"","accept-ranges":"none","transfer-encoding":"chunked"}
[debug] [2020-11-15T09:05:57.296Z] >>> HTTP REQUEST PUT https://storage.googleapis.com/gcf-upload-us-central1-f9a120df-0d13-4545-ad81-1ee826758a4e/db44c0a0-2b32-4789-bf9f-d8ff84152ba7.zip?GoogleAccessId=service-547232769769@gcf-admin-robot.iam.gserviceaccount.com&Expires=1605432957&Signature=LGFH3yEZ4OqfRXXQ%2FpFrsGKQ%2FuwzqCp4ATBmVzKFSOvq07%2BeIuxVHPDYa6qrOB1WnKQM08H1C33%2B0HHhoWOisEP58Ka34f%2FE0cW%2BfISMa3ENLjlSXsfP4uqOQ0ACMg4hMCAn4Gy6635K3ZPyyq0K89a%2B575YssdP4Wrg3456X9gYM6zQrgU9HvJr3t2um17zC0NlXi8yGZuLGK93CU5V2BuZ79F17Sb8bffRVezVqqG6NIuR9CuDLlZxknORHZaaiE2A1f2n5KGjrOq0gPBnsnyiOb%2B0bPuY%2Ba6kM0uv20zSF3Smm5lwCzVNq3v18bRwuRxsbRTxWe4PWWhAM3x%2F%2FQ%3D%3D  
 <request body omitted>
[debug] [2020-11-15T09:05:57.892Z] <<< HTTP RESPONSE 200 {"x-guploader-uploadid":"ABg5-UxSt772Mm65G2--5QJ203uB5ZVVxiFbrQ4m6qYprE4-UeXgzgH3GHVY6nQcm2giT2gUzVJkaLpcMGgfycxD7Gd60LLDeQ","etag":"\"881f0eabc023bd832afd11215c9bad7d\"","x-goog-generation":"1605431158560423","x-goog-metageneration":"1","x-goog-hash":"crc32c=wj4YxA==, md5=iB8Oq8AjvYMq/REhXJutfQ==","x-goog-stored-content-length":"29450","x-goog-stored-content-encoding":"identity","vary":"Origin","content-length":"0","date":"Sun, 15 Nov 2020 09:05:58 GMT","server":"UploadServer","content-type":"text/html; charset=UTF-8","alt-svc":"h3-Q050=\":443\"; ma=2592000,h3-29=\":443\"; ma=2592000,h3-T051=\":443\"; ma=2592000,h3-Q046=\":443\"; ma=2592000,h3-Q043=\":443\"; ma=2592000,quic=\":443\"; ma=2592000; v=\"46,43\""}
[info] +  functions: functions folder uploaded successfully 
[info] i  hosting[allroundeditor-dcc51]: beginning deploy... 
[info] i  hosting[allroundeditor-dcc51]: found 7 files in public 
[debug] [2020-11-15T09:05:57.923Z] [hosting] hash cache [cHVibGlj] stored for 7 files
[debug] [2020-11-15T09:05:57.929Z] [hosting][hash queue][FINAL] {"max":1,"min":0,"avg":0,"active":0,"complete":7,"success":7,"errored":0,"retried":0,"total":7,"elapsed":10}
[debug] [2020-11-15T09:05:57.930Z] >>> HTTP REQUEST POST https://firebasehosting.googleapis.com/v1beta1/sites/allroundeditor-dcc51/versions/441c53b731595a61:populateFiles  
 <request body omitted>
[debug] [2020-11-15T09:05:59.020Z] <<< HTTP RESPONSE 200 {"content-type":"application/json; charset=UTF-8","vary":"X-Origin, Referer, Origin,Accept-Encoding","date":"Sun, 15 Nov 2020 09:05:59 GMT","server":"ESF","cache-control":"private","x-xss-protection":"0","x-frame-options":"SAMEORIGIN","x-content-type-options":"nosniff","alt-svc":"h3-Q050=\":443\"; ma=2592000,h3-29=\":443\"; ma=2592000,h3-T051=\":443\"; ma=2592000,h3-Q046=\":443\"; ma=2592000,h3-Q043=\":443\"; ma=2592000,quic=\":443\"; ma=2592000; v=\"46,43\"","accept-ranges":"none","transfer-encoding":"chunked"}
[debug] [2020-11-15T09:05:59.033Z] [hosting][populate queue][FINAL] {"max":1112,"min":1112,"avg":1112,"active":0,"complete":1,"success":1,"errored":0,"retried":0,"total":1,"elapsed":1112}
[debug] [2020-11-15T09:05:59.042Z] [hosting] uploads queued: 0
[debug] [2020-11-15T09:05:59.043Z] [hosting][upload queue][FINAL] {"max":0,"min":9999999999,"avg":0,"active":0,"complete":0,"success":0,"errored":0,"retried":0,"total":0,"elapsed":1605431159043}
[info] +  hosting[allroundeditor-dcc51]: file upload complete 
[debug] [2020-11-15T09:05:59.046Z] [hosting] deploy completed after 1134ms
[debug] [2020-11-15T09:05:59.268Z] [rules] releasing firebase.storage/allroundeditor-dcc51.appspot.com with ruleset projects/allroundeditor-dcc51/rulesets/bac65d63-f5cf-43e9-905d-6623e7062d46
[debug] [2020-11-15T09:05:59.270Z] >>> HTTP REQUEST PATCH https://firebaserules.googleapis.com/v1/projects/allroundeditor-dcc51/releases/firebase.storage/allroundeditor-dcc51.appspot.com  
 {"release":{"name":"projects/allroundeditor-dcc51/releases/firebase.storage/allroundeditor-dcc51.appspot.com","rulesetName":"projects/allroundeditor-dcc51/rulesets/bac65d63-f5cf-43e9-905d-6623e7062d46"}}
[debug] [2020-11-15T09:06:00.558Z] <<< HTTP RESPONSE 200 {"content-type":"application/json; charset=UTF-8","vary":"X-Origin, Referer, Origin,Accept-Encoding","date":"Sun, 15 Nov 2020 09:06:01 GMT","server":"ESF","cache-control":"private","x-xss-protection":"0","x-frame-options":"SAMEORIGIN","x-content-type-options":"nosniff","alt-svc":"h3-Q050=\":443\"; ma=2592000,h3-29=\":443\"; ma=2592000,h3-T051=\":443\"; ma=2592000,h3-Q046=\":443\"; ma=2592000,h3-Q043=\":443\"; ma=2592000,quic=\":443\"; ma=2592000; v=\"46,43\"","accept-ranges":"none","transfer-encoding":"chunked"}
[debug] [2020-11-15T09:06:00.570Z] [rules] updated release projects/allroundeditor-dcc51/releases/firebase.storage/allroundeditor-dcc51.appspot.com
[info] +  storage: released rules storage.rules to firebase.storage 
[info] i  functions: updating Node.js 12 function api(asia-northeast3)... 
[debug] [2020-11-15T09:06:00.576Z] Trigger is:  {"httpsTrigger":{}}
[debug] [2020-11-15T09:06:00.578Z] >>> HTTP REQUEST PATCH https://cloudfunctions.googleapis.com/v1/projects/allroundeditor-dcc51/locations/asia-northeast3/functions/api {"updateMask":"sourceUploadUrl,name,labels,runtime,environmentVariables,httpsTrigger"} 
 {"sourceUploadUrl":"https://storage.googleapis.com/gcf-upload-us-central1-f9a120df-0d13-4545-ad81-1ee826758a4e/db44c0a0-2b32-4789-bf9f-d8ff84152ba7.zip?GoogleAccessId=service-547232769769@gcf-admin-robot.iam.gserviceaccount.com&Expires=1605432957&Signature=LGFH3yEZ4OqfRXXQ%2FpFrsGKQ%2FuwzqCp4ATBmVzKFSOvq07%2BeIuxVHPDYa6qrOB1WnKQM08H1C33%2B0HHhoWOisEP58Ka34f%2FE0cW%2BfISMa3ENLjlSXsfP4uqOQ0ACMg4hMCAn4Gy6635K3ZPyyq0K89a%2B575YssdP4Wrg3456X9gYM6zQrgU9HvJr3t2um17zC0NlXi8yGZuLGK93CU5V2BuZ79F17Sb8bffRVezVqqG6NIuR9CuDLlZxknORHZaaiE2A1f2n5KGjrOq0gPBnsnyiOb%2B0bPuY%2Ba6kM0uv20zSF3Smm5lwCzVNq3v18bRwuRxsbRTxWe4PWWhAM3x%2F%2FQ%3D%3D","name":"projects/allroundeditor-dcc51/locations/asia-northeast3/functions/api","labels":{"deployment-tool":"cli-firebase"},"httpsTrigger":{},"runtime":"nodejs12","environmentVariables":{"FIREBASE_CONFIG":"{\"projectId\":\"allroundeditor-dcc51\",\"databaseURL\":\"https://allroundeditor-dcc51.firebaseio.com\",\"storageBucket\":\"allroundeditor-dcc51.appspot.com\",\"locationId\":\"asia-northeast3\"}"}}
[debug] [2020-11-15T09:06:01.694Z] <<< HTTP RESPONSE 200 {"content-type":"application/json; charset=UTF-8","vary":"X-Origin, Referer, Origin,Accept-Encoding","date":"Sun, 15 Nov 2020 09:06:02 GMT","server":"ESF","cache-control":"private","x-xss-protection":"0","x-frame-options":"SAMEORIGIN","x-content-type-options":"nosniff","alt-svc":"h3-Q050=\":443\"; ma=2592000,h3-29=\":443\"; ma=2592000,h3-T051=\":443\"; ma=2592000,h3-Q046=\":443\"; ma=2592000,h3-Q043=\":443\"; ma=2592000,quic=\":443\"; ma=2592000; v=\"46,43\"","accept-ranges":"none","transfer-encoding":"chunked"}
[debug] [2020-11-15T09:06:01.711Z] >>> HTTP REQUEST GET https://cloudfunctions.googleapis.com/v1/projects/allroundeditor-dcc51/locations/-/functions  
 
[debug] [2020-11-15T09:06:02.378Z] <<< HTTP RESPONSE 200 {"content-type":"application/json; charset=UTF-8","vary":"X-Origin, Referer, Origin,Accept-Encoding","date":"Sun, 15 Nov 2020 09:06:03 GMT","server":"ESF","cache-control":"private","x-xss-protection":"0","x-frame-options":"SAMEORIGIN","x-content-type-options":"nosniff","alt-svc":"h3-Q050=\":443\"; ma=2592000,h3-29=\":443\"; ma=2592000,h3-T051=\":443\"; ma=2592000,h3-Q046=\":443\"; ma=2592000,h3-Q043=\":443\"; ma=2592000,quic=\":443\"; ma=2592000; v=\"46,43\"","accept-ranges":"none","transfer-encoding":"chunked"}
[debug] [2020-11-15T09:06:02.393Z] >>> HTTP REQUEST GET https://cloudfunctions.googleapis.com/v1/operations/YWxscm91bmRlZGl0b3ItZGNjNTEvYXNpYS1ub3J0aGVhc3QzL2FwaS9FOEVVeFNtdjktQQ  
 
[debug] [2020-11-15T09:06:02.750Z] <<< HTTP RESPONSE 200 {"content-type":"application/json; charset=UTF-8","vary":"X-Origin, Referer, Origin,Accept-Encoding","date":"Sun, 15 Nov 2020 09:06:03 GMT","server":"ESF","cache-control":"private","x-xss-protection":"0","x-frame-options":"SAMEORIGIN","x-content-type-options":"nosniff","alt-svc":"h3-Q050=\":443\"; ma=2592000,h3-29=\":443\"; ma=2592000,h3-T051=\":443\"; ma=2592000,h3-Q046=\":443\"; ma=2592000,h3-Q043=\":443\"; ma=2592000,quic=\":443\"; ma=2592000; v=\"46,43\"","accept-ranges":"none","transfer-encoding":"chunked"}
[debug] [2020-11-15T09:06:04.768Z] >>> HTTP REQUEST GET https://cloudfunctions.googleapis.com/v1/operations/YWxscm91bmRlZGl0b3ItZGNjNTEvYXNpYS1ub3J0aGVhc3QzL2FwaS9FOEVVeFNtdjktQQ  
 
[debug] [2020-11-15T09:06:05.069Z] <<< HTTP RESPONSE 200 {"content-type":"application/json; charset=UTF-8","vary":"X-Origin, Referer, Origin,Accept-Encoding","date":"Sun, 15 Nov 2020 09:06:05 GMT","server":"ESF","cache-control":"private","x-xss-protection":"0","x-frame-options":"SAMEORIGIN","x-content-type-options":"nosniff","alt-svc":"h3-Q050=\":443\"; ma=2592000,h3-29=\":443\"; ma=2592000,h3-T051=\":443\"; ma=2592000,h3-Q046=\":443\"; ma=2592000,h3-Q043=\":443\"; ma=2592000,quic=\":443\"; ma=2592000; v=\"46,43\"","accept-ranges":"none","transfer-encoding":"chunked"}
[debug] [2020-11-15T09:06:07.097Z] >>> HTTP REQUEST GET https://cloudfunctions.googleapis.com/v1/operations/YWxscm91bmRlZGl0b3ItZGNjNTEvYXNpYS1ub3J0aGVhc3QzL2FwaS9FOEVVeFNtdjktQQ  
 
[debug] [2020-11-15T09:06:07.408Z] <<< HTTP RESPONSE 200 {"content-type":"application/json; charset=UTF-8","vary":"X-Origin, Referer, Origin,Accept-Encoding","date":"Sun, 15 Nov 2020 09:06:08 GMT","server":"ESF","cache-control":"private","x-xss-protection":"0","x-frame-options":"SAMEORIGIN","x-content-type-options":"nosniff","alt-svc":"h3-Q050=\":443\"; ma=2592000,h3-29=\":443\"; ma=2592000,h3-T051=\":443\"; ma=2592000,h3-Q046=\":443\"; ma=2592000,h3-Q043=\":443\"; ma=2592000,quic=\":443\"; ma=2592000; v=\"46,43\"","accept-ranges":"none","transfer-encoding":"chunked"}
[debug] [2020-11-15T09:06:09.421Z] >>> HTTP REQUEST GET https://cloudfunctions.googleapis.com/v1/operations/YWxscm91bmRlZGl0b3ItZGNjNTEvYXNpYS1ub3J0aGVhc3QzL2FwaS9FOEVVeFNtdjktQQ  
 
[debug] [2020-11-15T09:06:09.725Z] <<< HTTP RESPONSE 200 {"content-type":"application/json; charset=UTF-8","vary":"X-Origin, Referer, Origin,Accept-Encoding","date":"Sun, 15 Nov 2020 09:06:10 GMT","server":"ESF","cache-control":"private","x-xss-protection":"0","x-frame-options":"SAMEORIGIN","x-content-type-options":"nosniff","alt-svc":"h3-Q050=\":443\"; ma=2592000,h3-29=\":443\"; ma=2592000,h3-T051=\":443\"; ma=2592000,h3-Q046=\":443\"; ma=2592000,h3-Q043=\":443\"; ma=2592000,quic=\":443\"; ma=2592000; v=\"46,43\"","accept-ranges":"none","transfer-encoding":"chunked"}
[debug] [2020-11-15T09:06:11.742Z] >>> HTTP REQUEST GET https://cloudfunctions.googleapis.com/v1/operations/YWxscm91bmRlZGl0b3ItZGNjNTEvYXNpYS1ub3J0aGVhc3QzL2FwaS9FOEVVeFNtdjktQQ  
 
[debug] [2020-11-15T09:06:12.077Z] <<< HTTP RESPONSE 200 {"content-type":"application/json; charset=UTF-8","vary":"X-Origin, Referer, Origin,Accept-Encoding","date":"Sun, 15 Nov 2020 09:06:12 GMT","server":"ESF","cache-control":"private","x-xss-protection":"0","x-frame-options":"SAMEORIGIN","x-content-type-options":"nosniff","alt-svc":"h3-Q050=\":443\"; ma=2592000,h3-29=\":443\"; ma=2592000,h3-T051=\":443\"; ma=2592000,h3-Q046=\":443\"; ma=2592000,h3-Q043=\":443\"; ma=2592000,quic=\":443\"; ma=2592000; v=\"46,43\"","accept-ranges":"none","transfer-encoding":"chunked"}
[debug] [2020-11-15T09:06:14.098Z] >>> HTTP REQUEST GET https://cloudfunctions.googleapis.com/v1/operations/YWxscm91bmRlZGl0b3ItZGNjNTEvYXNpYS1ub3J0aGVhc3QzL2FwaS9FOEVVeFNtdjktQQ  
 
[debug] [2020-11-15T09:06:14.443Z] <<< HTTP RESPONSE 200 {"content-type":"application/json; charset=UTF-8","vary":"X-Origin, Referer, Origin,Accept-Encoding","date":"Sun, 15 Nov 2020 09:06:15 GMT","server":"ESF","cache-control":"private","x-xss-protection":"0","x-frame-options":"SAMEORIGIN","x-content-type-options":"nosniff","alt-svc":"h3-Q050=\":443\"; ma=2592000,h3-29=\":443\"; ma=2592000,h3-T051=\":443\"; ma=2592000,h3-Q046=\":443\"; ma=2592000,h3-Q043=\":443\"; ma=2592000,quic=\":443\"; ma=2592000; v=\"46,43\"","accept-ranges":"none","transfer-encoding":"chunked"}
[debug] [2020-11-15T09:06:16.468Z] >>> HTTP REQUEST GET https://cloudfunctions.googleapis.com/v1/operations/YWxscm91bmRlZGl0b3ItZGNjNTEvYXNpYS1ub3J0aGVhc3QzL2FwaS9FOEVVeFNtdjktQQ  
 
[debug] [2020-11-15T09:06:16.789Z] <<< HTTP RESPONSE 200 {"content-type":"application/json; charset=UTF-8","vary":"X-Origin, Referer, Origin,Accept-Encoding","date":"Sun, 15 Nov 2020 09:06:17 GMT","server":"ESF","cache-control":"private","x-xss-protection":"0","x-frame-options":"SAMEORIGIN","x-content-type-options":"nosniff","alt-svc":"h3-Q050=\":443\"; ma=2592000,h3-29=\":443\"; ma=2592000,h3-T051=\":443\"; ma=2592000,h3-Q046=\":443\"; ma=2592000,h3-Q043=\":443\"; ma=2592000,quic=\":443\"; ma=2592000; v=\"46,43\"","accept-ranges":"none","transfer-encoding":"chunked"}
[debug] [2020-11-15T09:06:18.798Z] >>> HTTP REQUEST GET https://cloudfunctions.googleapis.com/v1/operations/YWxscm91bmRlZGl0b3ItZGNjNTEvYXNpYS1ub3J0aGVhc3QzL2FwaS9FOEVVeFNtdjktQQ  
 
[debug] [2020-11-15T09:06:19.093Z] <<< HTTP RESPONSE 200 {"content-type":"application/json; charset=UTF-8","vary":"X-Origin, Referer, Origin,Accept-Encoding","date":"Sun, 15 Nov 2020 09:06:19 GMT","server":"ESF","cache-control":"private","x-xss-protection":"0","x-frame-options":"SAMEORIGIN","x-content-type-options":"nosniff","alt-svc":"h3-Q050=\":443\"; ma=2592000,h3-29=\":443\"; ma=2592000,h3-T051=\":443\"; ma=2592000,h3-Q046=\":443\"; ma=2592000,h3-Q043=\":443\"; ma=2592000,quic=\":443\"; ma=2592000; v=\"46,43\"","accept-ranges":"none","transfer-encoding":"chunked"}
[debug] [2020-11-15T09:06:21.109Z] >>> HTTP REQUEST GET https://cloudfunctions.googleapis.com/v1/operations/YWxscm91bmRlZGl0b3ItZGNjNTEvYXNpYS1ub3J0aGVhc3QzL2FwaS9FOEVVeFNtdjktQQ  
 
[debug] [2020-11-15T09:06:21.538Z] <<< HTTP RESPONSE 200 {"content-type":"application/json; charset=UTF-8","vary":"X-Origin, Referer, Origin,Accept-Encoding","date":"Sun, 15 Nov 2020 09:06:22 GMT","server":"ESF","cache-control":"private","x-xss-protection":"0","x-frame-options":"SAMEORIGIN","x-content-type-options":"nosniff","alt-svc":"h3-Q050=\":443\"; ma=2592000,h3-29=\":443\"; ma=2592000,h3-T051=\":443\"; ma=2592000,h3-Q046=\":443\"; ma=2592000,h3-Q043=\":443\"; ma=2592000,quic=\":443\"; ma=2592000; v=\"46,43\"","accept-ranges":"none","transfer-encoding":"chunked"}
[debug] [2020-11-15T09:06:23.539Z] >>> HTTP REQUEST GET https://cloudfunctions.googleapis.com/v1/operations/YWxscm91bmRlZGl0b3ItZGNjNTEvYXNpYS1ub3J0aGVhc3QzL2FwaS9FOEVVeFNtdjktQQ  
 
[debug] [2020-11-15T09:06:23.834Z] <<< HTTP RESPONSE 200 {"content-type":"application/json; charset=UTF-8","vary":"X-Origin, Referer, Origin,Accept-Encoding","date":"Sun, 15 Nov 2020 09:06:24 GMT","server":"ESF","cache-control":"private","x-xss-protection":"0","x-frame-options":"SAMEORIGIN","x-content-type-options":"nosniff","alt-svc":"h3-Q050=\":443\"; ma=2592000,h3-29=\":443\"; ma=2592000,h3-T051=\":443\"; ma=2592000,h3-Q046=\":443\"; ma=2592000,h3-Q043=\":443\"; ma=2592000,quic=\":443\"; ma=2592000; v=\"46,43\"","accept-ranges":"none","transfer-encoding":"chunked"}
[debug] [2020-11-15T09:06:25.848Z] >>> HTTP REQUEST GET https://cloudfunctions.googleapis.com/v1/operations/YWxscm91bmRlZGl0b3ItZGNjNTEvYXNpYS1ub3J0aGVhc3QzL2FwaS9FOEVVeFNtdjktQQ  
 
[debug] [2020-11-15T09:06:26.138Z] <<< HTTP RESPONSE 200 {"content-type":"application/json; charset=UTF-8","vary":"X-Origin, Referer, Origin,Accept-Encoding","date":"Sun, 15 Nov 2020 09:06:26 GMT","server":"ESF","cache-control":"private","x-xss-protection":"0","x-frame-options":"SAMEORIGIN","x-content-type-options":"nosniff","alt-svc":"h3-Q050=\":443\"; ma=2592000,h3-29=\":443\"; ma=2592000,h3-T051=\":443\"; ma=2592000,h3-Q046=\":443\"; ma=2592000,h3-Q043=\":443\"; ma=2592000,quic=\":443\"; ma=2592000; v=\"46,43\"","accept-ranges":"none","transfer-encoding":"chunked"}
[debug] [2020-11-15T09:06:28.158Z] >>> HTTP REQUEST GET https://cloudfunctions.googleapis.com/v1/operations/YWxscm91bmRlZGl0b3ItZGNjNTEvYXNpYS1ub3J0aGVhc3QzL2FwaS9FOEVVeFNtdjktQQ  
 
[debug] [2020-11-15T09:06:28.566Z] <<< HTTP RESPONSE 200 {"content-type":"application/json; charset=UTF-8","vary":"X-Origin, Referer, Origin,Accept-Encoding","date":"Sun, 15 Nov 2020 09:06:29 GMT","server":"ESF","cache-control":"private","x-xss-protection":"0","x-frame-options":"SAMEORIGIN","x-content-type-options":"nosniff","alt-svc":"h3-Q050=\":443\"; ma=2592000,h3-29=\":443\"; ma=2592000,h3-T051=\":443\"; ma=2592000,h3-Q046=\":443\"; ma=2592000,h3-Q043=\":443\"; ma=2592000,quic=\":443\"; ma=2592000; v=\"46,43\"","accept-ranges":"none","transfer-encoding":"chunked"}
[debug] [2020-11-15T09:06:30.574Z] >>> HTTP REQUEST GET https://cloudfunctions.googleapis.com/v1/operations/YWxscm91bmRlZGl0b3ItZGNjNTEvYXNpYS1ub3J0aGVhc3QzL2FwaS9FOEVVeFNtdjktQQ  
 
[debug] [2020-11-15T09:06:30.882Z] <<< HTTP RESPONSE 200 {"content-type":"application/json; charset=UTF-8","vary":"X-Origin, Referer, Origin,Accept-Encoding","date":"Sun, 15 Nov 2020 09:06:31 GMT","server":"ESF","cache-control":"private","x-xss-protection":"0","x-frame-options":"SAMEORIGIN","x-content-type-options":"nosniff","alt-svc":"h3-Q050=\":443\"; ma=2592000,h3-29=\":443\"; ma=2592000,h3-T051=\":443\"; ma=2592000,h3-Q046=\":443\"; ma=2592000,h3-Q043=\":443\"; ma=2592000,quic=\":443\"; ma=2592000; v=\"46,43\"","accept-ranges":"none","transfer-encoding":"chunked"}
[debug] [2020-11-15T09:06:32.909Z] >>> HTTP REQUEST GET https://cloudfunctions.googleapis.com/v1/operations/YWxscm91bmRlZGl0b3ItZGNjNTEvYXNpYS1ub3J0aGVhc3QzL2FwaS9FOEVVeFNtdjktQQ  
 
[debug] [2020-11-15T09:06:33.212Z] <<< HTTP RESPONSE 200 {"content-type":"application/json; charset=UTF-8","vary":"X-Origin, Referer, Origin,Accept-Encoding","date":"Sun, 15 Nov 2020 09:06:33 GMT","server":"ESF","cache-control":"private","x-xss-protection":"0","x-frame-options":"SAMEORIGIN","x-content-type-options":"nosniff","alt-svc":"h3-Q050=\":443\"; ma=2592000,h3-29=\":443\"; ma=2592000,h3-T051=\":443\"; ma=2592000,h3-Q046=\":443\"; ma=2592000,h3-Q043=\":443\"; ma=2592000,quic=\":443\"; ma=2592000; v=\"46,43\"","accept-ranges":"none","transfer-encoding":"chunked"}
[debug] [2020-11-15T09:06:35.220Z] >>> HTTP REQUEST GET https://cloudfunctions.googleapis.com/v1/operations/YWxscm91bmRlZGl0b3ItZGNjNTEvYXNpYS1ub3J0aGVhc3QzL2FwaS9FOEVVeFNtdjktQQ  
 
[debug] [2020-11-15T09:06:35.526Z] <<< HTTP RESPONSE 200 {"content-type":"application/json; charset=UTF-8","vary":"X-Origin, Referer, Origin,Accept-Encoding","date":"Sun, 15 Nov 2020 09:06:36 GMT","server":"ESF","cache-control":"private","x-xss-protection":"0","x-frame-options":"SAMEORIGIN","x-content-type-options":"nosniff","alt-svc":"h3-Q050=\":443\"; ma=2592000,h3-29=\":443\"; ma=2592000,h3-T051=\":443\"; ma=2592000,h3-Q046=\":443\"; ma=2592000,h3-Q043=\":443\"; ma=2592000,quic=\":443\"; ma=2592000; v=\"46,43\"","accept-ranges":"none","transfer-encoding":"chunked"}
[debug] [2020-11-15T09:06:37.552Z] >>> HTTP REQUEST GET https://cloudfunctions.googleapis.com/v1/operations/YWxscm91bmRlZGl0b3ItZGNjNTEvYXNpYS1ub3J0aGVhc3QzL2FwaS9FOEVVeFNtdjktQQ  
 
[debug] [2020-11-15T09:06:37.854Z] <<< HTTP RESPONSE 200 {"content-type":"application/json; charset=UTF-8","vary":"X-Origin, Referer, Origin,Accept-Encoding","date":"Sun, 15 Nov 2020 09:06:38 GMT","server":"ESF","cache-control":"private","x-xss-protection":"0","x-frame-options":"SAMEORIGIN","x-content-type-options":"nosniff","alt-svc":"h3-Q050=\":443\"; ma=2592000,h3-29=\":443\"; ma=2592000,h3-T051=\":443\"; ma=2592000,h3-Q046=\":443\"; ma=2592000,h3-Q043=\":443\"; ma=2592000,quic=\":443\"; ma=2592000; v=\"46,43\"","accept-ranges":"none","transfer-encoding":"chunked"}
[debug] [2020-11-15T09:06:39.871Z] >>> HTTP REQUEST GET https://cloudfunctions.googleapis.com/v1/operations/YWxscm91bmRlZGl0b3ItZGNjNTEvYXNpYS1ub3J0aGVhc3QzL2FwaS9FOEVVeFNtdjktQQ  
 
[debug] [2020-11-15T09:06:40.199Z] <<< HTTP RESPONSE 200 {"content-type":"application/json; charset=UTF-8","vary":"X-Origin, Referer, Origin,Accept-Encoding","date":"Sun, 15 Nov 2020 09:06:40 GMT","server":"ESF","cache-control":"private","x-xss-protection":"0","x-frame-options":"SAMEORIGIN","x-content-type-options":"nosniff","alt-svc":"h3-Q050=\":443\"; ma=2592000,h3-29=\":443\"; ma=2592000,h3-T051=\":443\"; ma=2592000,h3-Q046=\":443\"; ma=2592000,h3-Q043=\":443\"; ma=2592000,quic=\":443\"; ma=2592000; v=\"46,43\"","accept-ranges":"none","transfer-encoding":"chunked"}
[debug] [2020-11-15T09:06:42.220Z] >>> HTTP REQUEST GET https://cloudfunctions.googleapis.com/v1/operations/YWxscm91bmRlZGl0b3ItZGNjNTEvYXNpYS1ub3J0aGVhc3QzL2FwaS9FOEVVeFNtdjktQQ  
 
[debug] [2020-11-15T09:06:42.507Z] <<< HTTP RESPONSE 200 {"content-type":"application/json; charset=UTF-8","vary":"X-Origin, Referer, Origin,Accept-Encoding","date":"Sun, 15 Nov 2020 09:06:43 GMT","server":"ESF","cache-control":"private","x-xss-protection":"0","x-frame-options":"SAMEORIGIN","x-content-type-options":"nosniff","alt-svc":"h3-Q050=\":443\"; ma=2592000,h3-29=\":443\"; ma=2592000,h3-T051=\":443\"; ma=2592000,h3-Q046=\":443\"; ma=2592000,h3-Q043=\":443\"; ma=2592000,quic=\":443\"; ma=2592000; v=\"46,43\"","accept-ranges":"none","transfer-encoding":"chunked"}
[debug] [2020-11-15T09:06:44.512Z] >>> HTTP REQUEST GET https://cloudfunctions.googleapis.com/v1/operations/YWxscm91bmRlZGl0b3ItZGNjNTEvYXNpYS1ub3J0aGVhc3QzL2FwaS9FOEVVeFNtdjktQQ  
 
[debug] [2020-11-15T09:06:44.807Z] <<< HTTP RESPONSE 200 {"content-type":"application/json; charset=UTF-8","vary":"X-Origin, Referer, Origin,Accept-Encoding","date":"Sun, 15 Nov 2020 09:06:45 GMT","server":"ESF","cache-control":"private","x-xss-protection":"0","x-frame-options":"SAMEORIGIN","x-content-type-options":"nosniff","alt-svc":"h3-Q050=\":443\"; ma=2592000,h3-29=\":443\"; ma=2592000,h3-T051=\":443\"; ma=2592000,h3-Q046=\":443\"; ma=2592000,h3-Q043=\":443\"; ma=2592000,quic=\":443\"; ma=2592000; v=\"46,43\"","accept-ranges":"none","transfer-encoding":"chunked"}
[debug] [2020-11-15T09:06:46.812Z] >>> HTTP REQUEST GET https://cloudfunctions.googleapis.com/v1/operations/YWxscm91bmRlZGl0b3ItZGNjNTEvYXNpYS1ub3J0aGVhc3QzL2FwaS9FOEVVeFNtdjktQQ  
 
[debug] [2020-11-15T09:06:47.122Z] <<< HTTP RESPONSE 200 {"content-type":"application/json; charset=UTF-8","vary":"X-Origin, Referer, Origin,Accept-Encoding","date":"Sun, 15 Nov 2020 09:06:47 GMT","server":"ESF","cache-control":"private","x-xss-protection":"0","x-frame-options":"SAMEORIGIN","x-content-type-options":"nosniff","alt-svc":"h3-Q050=\":443\"; ma=2592000,h3-29=\":443\"; ma=2592000,h3-T051=\":443\"; ma=2592000,h3-Q046=\":443\"; ma=2592000,h3-Q043=\":443\"; ma=2592000,quic=\":443\"; ma=2592000; v=\"46,43\"","accept-ranges":"none","transfer-encoding":"chunked"}
[debug] [2020-11-15T09:06:49.127Z] >>> HTTP REQUEST GET https://cloudfunctions.googleapis.com/v1/operations/YWxscm91bmRlZGl0b3ItZGNjNTEvYXNpYS1ub3J0aGVhc3QzL2FwaS9FOEVVeFNtdjktQQ  
 
[debug] [2020-11-15T09:06:49.428Z] <<< HTTP RESPONSE 200 {"content-type":"application/json; charset=UTF-8","vary":"X-Origin, Referer, Origin,Accept-Encoding","date":"Sun, 15 Nov 2020 09:06:50 GMT","server":"ESF","cache-control":"private","x-xss-protection":"0","x-frame-options":"SAMEORIGIN","x-content-type-options":"nosniff","alt-svc":"h3-Q050=\":443\"; ma=2592000,h3-29=\":443\"; ma=2592000,h3-T051=\":443\"; ma=2592000,h3-Q046=\":443\"; ma=2592000,h3-Q043=\":443\"; ma=2592000,quic=\":443\"; ma=2592000; v=\"46,43\"","accept-ranges":"none","transfer-encoding":"chunked"}
[debug] [2020-11-15T09:06:51.446Z] >>> HTTP REQUEST GET https://cloudfunctions.googleapis.com/v1/operations/YWxscm91bmRlZGl0b3ItZGNjNTEvYXNpYS1ub3J0aGVhc3QzL2FwaS9FOEVVeFNtdjktQQ  
 
[debug] [2020-11-15T09:06:51.744Z] <<< HTTP RESPONSE 200 {"content-type":"application/json; charset=UTF-8","vary":"X-Origin, Referer, Origin,Accept-Encoding","date":"Sun, 15 Nov 2020 09:06:52 GMT","server":"ESF","cache-control":"private","x-xss-protection":"0","x-frame-options":"SAMEORIGIN","x-content-type-options":"nosniff","alt-svc":"h3-Q050=\":443\"; ma=2592000,h3-29=\":443\"; ma=2592000,h3-T051=\":443\"; ma=2592000,h3-Q046=\":443\"; ma=2592000,h3-Q043=\":443\"; ma=2592000,quic=\":443\"; ma=2592000; v=\"46,43\"","accept-ranges":"none","transfer-encoding":"chunked"}
[debug] [2020-11-15T09:06:53.758Z] >>> HTTP REQUEST GET https://cloudfunctions.googleapis.com/v1/operations/YWxscm91bmRlZGl0b3ItZGNjNTEvYXNpYS1ub3J0aGVhc3QzL2FwaS9FOEVVeFNtdjktQQ  
 
[debug] [2020-11-15T09:06:54.063Z] <<< HTTP RESPONSE 200 {"content-type":"application/json; charset=UTF-8","vary":"X-Origin, Referer, Origin,Accept-Encoding","date":"Sun, 15 Nov 2020 09:06:54 GMT","server":"ESF","cache-control":"private","x-xss-protection":"0","x-frame-options":"SAMEORIGIN","x-content-type-options":"nosniff","alt-svc":"h3-Q050=\":443\"; ma=2592000,h3-29=\":443\"; ma=2592000,h3-T051=\":443\"; ma=2592000,h3-Q046=\":443\"; ma=2592000,h3-Q043=\":443\"; ma=2592000,quic=\":443\"; ma=2592000; v=\"46,43\"","accept-ranges":"none","transfer-encoding":"chunked"}
[debug] [2020-11-15T09:06:56.071Z] >>> HTTP REQUEST GET https://cloudfunctions.googleapis.com/v1/operations/YWxscm91bmRlZGl0b3ItZGNjNTEvYXNpYS1ub3J0aGVhc3QzL2FwaS9FOEVVeFNtdjktQQ  
 
[debug] [2020-11-15T09:06:56.372Z] <<< HTTP RESPONSE 200 {"content-type":"application/json; charset=UTF-8","vary":"X-Origin, Referer, Origin,Accept-Encoding","date":"Sun, 15 Nov 2020 09:06:57 GMT","server":"ESF","cache-control":"private","x-xss-protection":"0","x-frame-options":"SAMEORIGIN","x-content-type-options":"nosniff","alt-svc":"h3-Q050=\":443\"; ma=2592000,h3-29=\":443\"; ma=2592000,h3-T051=\":443\"; ma=2592000,h3-Q046=\":443\"; ma=2592000,h3-Q043=\":443\"; ma=2592000,quic=\":443\"; ma=2592000; v=\"46,43\"","accept-ranges":"none","transfer-encoding":"chunked"}
[debug] [2020-11-15T09:06:58.392Z] >>> HTTP REQUEST GET https://cloudfunctions.googleapis.com/v1/operations/YWxscm91bmRlZGl0b3ItZGNjNTEvYXNpYS1ub3J0aGVhc3QzL2FwaS9FOEVVeFNtdjktQQ  
 
[debug] [2020-11-15T09:06:58.699Z] <<< HTTP RESPONSE 200 {"content-type":"application/json; charset=UTF-8","vary":"X-Origin, Referer, Origin,Accept-Encoding","date":"Sun, 15 Nov 2020 09:06:59 GMT","server":"ESF","cache-control":"private","x-xss-protection":"0","x-frame-options":"SAMEORIGIN","x-content-type-options":"nosniff","alt-svc":"h3-Q050=\":443\"; ma=2592000,h3-29=\":443\"; ma=2592000,h3-T051=\":443\"; ma=2592000,h3-Q046=\":443\"; ma=2592000,h3-Q043=\":443\"; ma=2592000,quic=\":443\"; ma=2592000; v=\"46,43\"","accept-ranges":"none","transfer-encoding":"chunked"}
[debug] [2020-11-15T09:07:00.707Z] >>> HTTP REQUEST GET https://cloudfunctions.googleapis.com/v1/operations/YWxscm91bmRlZGl0b3ItZGNjNTEvYXNpYS1ub3J0aGVhc3QzL2FwaS9FOEVVeFNtdjktQQ  
 
[debug] [2020-11-15T09:07:01.004Z] <<< HTTP RESPONSE 200 {"content-type":"application/json; charset=UTF-8","vary":"X-Origin, Referer, Origin,Accept-Encoding","date":"Sun, 15 Nov 2020 09:07:01 GMT","server":"ESF","cache-control":"private","x-xss-protection":"0","x-frame-options":"SAMEORIGIN","x-content-type-options":"nosniff","alt-svc":"h3-Q050=\":443\"; ma=2592000,h3-29=\":443\"; ma=2592000,h3-T051=\":443\"; ma=2592000,h3-Q046=\":443\"; ma=2592000,h3-Q043=\":443\"; ma=2592000,quic=\":443\"; ma=2592000; v=\"46,43\"","accept-ranges":"none","transfer-encoding":"chunked"}
[debug] [2020-11-15T09:07:03.017Z] >>> HTTP REQUEST GET https://cloudfunctions.googleapis.com/v1/operations/YWxscm91bmRlZGl0b3ItZGNjNTEvYXNpYS1ub3J0aGVhc3QzL2FwaS9FOEVVeFNtdjktQQ  
 
[debug] [2020-11-15T09:07:03.350Z] <<< HTTP RESPONSE 200 {"content-type":"application/json; charset=UTF-8","vary":"X-Origin, Referer, Origin,Accept-Encoding","date":"Sun, 15 Nov 2020 09:07:04 GMT","server":"ESF","cache-control":"private","x-xss-protection":"0","x-frame-options":"SAMEORIGIN","x-content-type-options":"nosniff","alt-svc":"h3-Q050=\":443\"; ma=2592000,h3-29=\":443\"; ma=2592000,h3-T051=\":443\"; ma=2592000,h3-Q046=\":443\"; ma=2592000,h3-Q043=\":443\"; ma=2592000,quic=\":443\"; ma=2592000; v=\"46,43\"","accept-ranges":"none","transfer-encoding":"chunked"}
[debug] [2020-11-15T09:07:05.375Z] >>> HTTP REQUEST GET https://cloudfunctions.googleapis.com/v1/operations/YWxscm91bmRlZGl0b3ItZGNjNTEvYXNpYS1ub3J0aGVhc3QzL2FwaS9FOEVVeFNtdjktQQ  
 
[debug] [2020-11-15T09:07:05.694Z] <<< HTTP RESPONSE 200 {"content-type":"application/json; charset=UTF-8","vary":"X-Origin, Referer, Origin,Accept-Encoding","date":"Sun, 15 Nov 2020 09:07:06 GMT","server":"ESF","cache-control":"private","x-xss-protection":"0","x-frame-options":"SAMEORIGIN","x-content-type-options":"nosniff","alt-svc":"h3-Q050=\":443\"; ma=2592000,h3-29=\":443\"; ma=2592000,h3-T051=\":443\"; ma=2592000,h3-Q046=\":443\"; ma=2592000,h3-Q043=\":443\"; ma=2592000,quic=\":443\"; ma=2592000; v=\"46,43\"","accept-ranges":"none","transfer-encoding":"chunked"}
[debug] [2020-11-15T09:07:07.722Z] >>> HTTP REQUEST GET https://cloudfunctions.googleapis.com/v1/operations/YWxscm91bmRlZGl0b3ItZGNjNTEvYXNpYS1ub3J0aGVhc3QzL2FwaS9FOEVVeFNtdjktQQ  
 
[debug] [2020-11-15T09:07:08.021Z] <<< HTTP RESPONSE 200 {"content-type":"application/json; charset=UTF-8","vary":"X-Origin, Referer, Origin,Accept-Encoding","date":"Sun, 15 Nov 2020 09:07:08 GMT","server":"ESF","cache-control":"private","x-xss-protection":"0","x-frame-options":"SAMEORIGIN","x-content-type-options":"nosniff","alt-svc":"h3-Q050=\":443\"; ma=2592000,h3-29=\":443\"; ma=2592000,h3-T051=\":443\"; ma=2592000,h3-Q046=\":443\"; ma=2592000,h3-Q043=\":443\"; ma=2592000,quic=\":443\"; ma=2592000; v=\"46,43\"","accept-ranges":"none","transfer-encoding":"chunked"}
[debug] [2020-11-15T09:07:10.030Z] >>> HTTP REQUEST GET https://cloudfunctions.googleapis.com/v1/operations/YWxscm91bmRlZGl0b3ItZGNjNTEvYXNpYS1ub3J0aGVhc3QzL2FwaS9FOEVVeFNtdjktQQ  
 
[debug] [2020-11-15T09:07:10.319Z] <<< HTTP RESPONSE 200 {"content-type":"application/json; charset=UTF-8","vary":"X-Origin, Referer, Origin,Accept-Encoding","date":"Sun, 15 Nov 2020 09:07:11 GMT","server":"ESF","cache-control":"private","x-xss-protection":"0","x-frame-options":"SAMEORIGIN","x-content-type-options":"nosniff","alt-svc":"h3-Q050=\":443\"; ma=2592000,h3-29=\":443\"; ma=2592000,h3-T051=\":443\"; ma=2592000,h3-Q046=\":443\"; ma=2592000,h3-Q043=\":443\"; ma=2592000,quic=\":443\"; ma=2592000; v=\"46,43\"","accept-ranges":"none","transfer-encoding":"chunked"}
[debug] [2020-11-15T09:07:12.346Z] >>> HTTP REQUEST GET https://cloudfunctions.googleapis.com/v1/operations/YWxscm91bmRlZGl0b3ItZGNjNTEvYXNpYS1ub3J0aGVhc3QzL2FwaS9FOEVVeFNtdjktQQ  
 
[debug] [2020-11-15T09:07:12.640Z] <<< HTTP RESPONSE 200 {"content-type":"application/json; charset=UTF-8","vary":"X-Origin, Referer, Origin,Accept-Encoding","date":"Sun, 15 Nov 2020 09:07:13 GMT","server":"ESF","cache-control":"private","x-xss-protection":"0","x-frame-options":"SAMEORIGIN","x-content-type-options":"nosniff","alt-svc":"h3-Q050=\":443\"; ma=2592000,h3-29=\":443\"; ma=2592000,h3-T051=\":443\"; ma=2592000,h3-Q046=\":443\"; ma=2592000,h3-Q043=\":443\"; ma=2592000,quic=\":443\"; ma=2592000; v=\"46,43\"","accept-ranges":"none","transfer-encoding":"chunked"}
[debug] [2020-11-15T09:07:14.647Z] >>> HTTP REQUEST GET https://cloudfunctions.googleapis.com/v1/operations/YWxscm91bmRlZGl0b3ItZGNjNTEvYXNpYS1ub3J0aGVhc3QzL2FwaS9FOEVVeFNtdjktQQ  
 
[debug] [2020-11-15T09:07:14.968Z] <<< HTTP RESPONSE 200 {"content-type":"application/json; charset=UTF-8","vary":"X-Origin, Referer, Origin,Accept-Encoding","date":"Sun, 15 Nov 2020 09:07:15 GMT","server":"ESF","cache-control":"private","x-xss-protection":"0","x-frame-options":"SAMEORIGIN","x-content-type-options":"nosniff","alt-svc":"h3-Q050=\":443\"; ma=2592000,h3-29=\":443\"; ma=2592000,h3-T051=\":443\"; ma=2592000,h3-Q046=\":443\"; ma=2592000,h3-Q043=\":443\"; ma=2592000,quic=\":443\"; ma=2592000; v=\"46,43\"","accept-ranges":"none","transfer-encoding":"chunked"}
[debug] [2020-11-15T09:07:16.994Z] >>> HTTP REQUEST GET https://cloudfunctions.googleapis.com/v1/operations/YWxscm91bmRlZGl0b3ItZGNjNTEvYXNpYS1ub3J0aGVhc3QzL2FwaS9FOEVVeFNtdjktQQ  
 
[debug] [2020-11-15T09:07:17.307Z] <<< HTTP RESPONSE 200 {"content-type":"application/json; charset=UTF-8","vary":"X-Origin, Referer, Origin,Accept-Encoding","date":"Sun, 15 Nov 2020 09:07:18 GMT","server":"ESF","cache-control":"private","x-xss-protection":"0","x-frame-options":"SAMEORIGIN","x-content-type-options":"nosniff","alt-svc":"h3-Q050=\":443\"; ma=2592000,h3-29=\":443\"; ma=2592000,h3-T051=\":443\"; ma=2592000,h3-Q046=\":443\"; ma=2592000,h3-Q043=\":443\"; ma=2592000,quic=\":443\"; ma=2592000; v=\"46,43\"","accept-ranges":"none","transfer-encoding":"chunked"}
[debug] [2020-11-15T09:07:19.322Z] >>> HTTP REQUEST GET https://cloudfunctions.googleapis.com/v1/operations/YWxscm91bmRlZGl0b3ItZGNjNTEvYXNpYS1ub3J0aGVhc3QzL2FwaS9FOEVVeFNtdjktQQ  
 
[debug] [2020-11-15T09:07:19.616Z] <<< HTTP RESPONSE 200 {"content-type":"application/json; charset=UTF-8","vary":"X-Origin, Referer, Origin,Accept-Encoding","date":"Sun, 15 Nov 2020 09:07:20 GMT","server":"ESF","cache-control":"private","x-xss-protection":"0","x-frame-options":"SAMEORIGIN","x-content-type-options":"nosniff","alt-svc":"h3-Q050=\":443\"; ma=2592000,h3-29=\":443\"; ma=2592000,h3-T051=\":443\"; ma=2592000,h3-Q046=\":443\"; ma=2592000,h3-Q043=\":443\"; ma=2592000,quic=\":443\"; ma=2592000; v=\"46,43\"","accept-ranges":"none","transfer-encoding":"chunked"}
[debug] [2020-11-15T09:07:21.642Z] >>> HTTP REQUEST GET https://cloudfunctions.googleapis.com/v1/operations/YWxscm91bmRlZGl0b3ItZGNjNTEvYXNpYS1ub3J0aGVhc3QzL2FwaS9FOEVVeFNtdjktQQ  
 
[debug] [2020-11-15T09:07:21.949Z] <<< HTTP RESPONSE 200 {"content-type":"application/json; charset=UTF-8","vary":"X-Origin, Referer, Origin,Accept-Encoding","date":"Sun, 15 Nov 2020 09:07:22 GMT","server":"ESF","cache-control":"private","x-xss-protection":"0","x-frame-options":"SAMEORIGIN","x-content-type-options":"nosniff","alt-svc":"h3-Q050=\":443\"; ma=2592000,h3-29=\":443\"; ma=2592000,h3-T051=\":443\"; ma=2592000,h3-Q046=\":443\"; ma=2592000,h3-Q043=\":443\"; ma=2592000,quic=\":443\"; ma=2592000; v=\"46,43\"","accept-ranges":"none","transfer-encoding":"chunked"}
[debug] [2020-11-15T09:07:23.961Z] >>> HTTP REQUEST GET https://cloudfunctions.googleapis.com/v1/operations/YWxscm91bmRlZGl0b3ItZGNjNTEvYXNpYS1ub3J0aGVhc3QzL2FwaS9FOEVVeFNtdjktQQ  
 
[debug] [2020-11-15T09:07:24.279Z] <<< HTTP RESPONSE 200 {"content-type":"application/json; charset=UTF-8","vary":"X-Origin, Referer, Origin,Accept-Encoding","date":"Sun, 15 Nov 2020 09:07:24 GMT","server":"ESF","cache-control":"private","x-xss-protection":"0","x-frame-options":"SAMEORIGIN","x-content-type-options":"nosniff","alt-svc":"h3-Q050=\":443\"; ma=2592000,h3-29=\":443\"; ma=2592000,h3-T051=\":443\"; ma=2592000,h3-Q046=\":443\"; ma=2592000,h3-Q043=\":443\"; ma=2592000,quic=\":443\"; ma=2592000; v=\"46,43\"","accept-ranges":"none","transfer-encoding":"chunked"}
[debug] [2020-11-15T09:07:26.283Z] >>> HTTP REQUEST GET https://cloudfunctions.googleapis.com/v1/operations/YWxscm91bmRlZGl0b3ItZGNjNTEvYXNpYS1ub3J0aGVhc3QzL2FwaS9FOEVVeFNtdjktQQ  
 
[debug] [2020-11-15T09:07:26.818Z] <<< HTTP RESPONSE 200 {"content-type":"application/json; charset=UTF-8","vary":"X-Origin, Referer, Origin,Accept-Encoding","date":"Sun, 15 Nov 2020 09:07:27 GMT","server":"ESF","cache-control":"private","x-xss-protection":"0","x-frame-options":"SAMEORIGIN","x-content-type-options":"nosniff","alt-svc":"h3-Q050=\":443\"; ma=2592000,h3-29=\":443\"; ma=2592000,h3-T051=\":443\"; ma=2592000,h3-Q046=\":443\"; ma=2592000,h3-Q043=\":443\"; ma=2592000,quic=\":443\"; ma=2592000; v=\"46,43\"","accept-ranges":"none","transfer-encoding":"chunked"}
[debug] [2020-11-15T09:07:28.836Z] >>> HTTP REQUEST GET https://cloudfunctions.googleapis.com/v1/operations/YWxscm91bmRlZGl0b3ItZGNjNTEvYXNpYS1ub3J0aGVhc3QzL2FwaS9FOEVVeFNtdjktQQ  
 
[debug] [2020-11-15T09:07:29.140Z] <<< HTTP RESPONSE 200 {"content-type":"application/json; charset=UTF-8","vary":"X-Origin, Referer, Origin,Accept-Encoding","date":"Sun, 15 Nov 2020 09:07:29 GMT","server":"ESF","cache-control":"private","x-xss-protection":"0","x-frame-options":"SAMEORIGIN","x-content-type-options":"nosniff","alt-svc":"h3-Q050=\":443\"; ma=2592000,h3-29=\":443\"; ma=2592000,h3-T051=\":443\"; ma=2592000,h3-Q046=\":443\"; ma=2592000,h3-Q043=\":443\"; ma=2592000,quic=\":443\"; ma=2592000; v=\"46,43\"","accept-ranges":"none","transfer-encoding":"chunked"}
[warn] !  functions[api(asia-northeast3)]: Deployment error. 
[info] Function failed on loading user code. Error message: Error: please examine your function logs to see the error cause: https://cloud.google.com/functions/docs/monitoring/logging#viewing_logs. Additional troubleshooting documentation can be found at https://cloud.google.com/functions/docs/troubleshooting#logging
[info] 

Functions deploy had errors with the following functions:
[info] 	api
[info] 

To try redeploying those functions, run:
[info]     firebase deploy --only "functions:api"
[info] 

To continue deploying other features (such as database), run:
[info]     firebase deploy --except functions
[error] 
[error] Error: Functions did not deploy properly.
[debug] [2020-11-15T09:12:36.881Z] ----------------------------------------------------------------------
[debug] [2020-11-15T09:12:36.883Z] Command:       C:\Program Files\nodejs\node.exe C:\Users\hjkim\AppData\Roaming\npm\node_modules\firebase-tools\lib\bin\firebase.js --debug deploy
[debug] [2020-11-15T09:12:36.883Z] CLI Version:   8.16.1
[debug] [2020-11-15T09:12:36.883Z] Platform:      win32
[debug] [2020-11-15T09:12:36.883Z] Node Version:  v10.16.0
[debug] [2020-11-15T09:12:36.885Z] Time:          Sun Nov 15 2020 18:12:36 GMT+0900 (GMT+09:00)
[debug] [2020-11-15T09:12:36.885Z] ----------------------------------------------------------------------
[debug] [2020-11-15T09:12:36.885Z] 
[debug] [2020-11-15T09:12:36.895Z] > command requires scopes: ["email","openid","https://www.googleapis.com/auth/cloudplatformprojects.readonly","https://www.googleapis.com/auth/firebase","https://www.googleapis.com/auth/cloud-platform"]
[debug] [2020-11-15T09:12:36.898Z] > authorizing via signed-in user
[debug] [2020-11-15T09:12:36.906Z] [iam] checking project allroundeditor-dcc51 for permissions ["cloudfunctions.functions.create","cloudfunctions.functions.delete","cloudfunctions.functions.get","cloudfunctions.functions.list","cloudfunctions.functions.update","cloudfunctions.operations.get","firebase.projects.get","firebasehosting.sites.update","firebaserules.releases.create","firebaserules.releases.update","firebaserules.rulesets.create"]
[debug] [2020-11-15T09:12:36.911Z] >>> HTTP REQUEST POST https://cloudresourcemanager.googleapis.com/v1/projects/allroundeditor-dcc51:testIamPermissions  
 {"permissions":["cloudfunctions.functions.create","cloudfunctions.functions.delete","cloudfunctions.functions.get","cloudfunctions.functions.list","cloudfunctions.functions.update","cloudfunctions.operations.get","firebase.projects.get","firebasehosting.sites.update","firebaserules.releases.create","firebaserules.releases.update","firebaserules.rulesets.create"]}
[debug] [2020-11-15T09:12:37.829Z] <<< HTTP RESPONSE 200 {"content-type":"application/json; charset=UTF-8","vary":"X-Origin, Referer, Origin,Accept-Encoding","date":"Sun, 15 Nov 2020 09:12:38 GMT","server":"ESF","cache-control":"private","x-xss-protection":"0","x-frame-options":"SAMEORIGIN","x-content-type-options":"nosniff","server-timing":"gfet4t7; dur=565","alt-svc":"h3-Q050=\":443\"; ma=2592000,h3-29=\":443\"; ma=2592000,h3-T051=\":443\"; ma=2592000,h3-Q046=\":443\"; ma=2592000,h3-Q043=\":443\"; ma=2592000,quic=\":443\"; ma=2592000; v=\"46,43\"","accept-ranges":"none","transfer-encoding":"chunked"}
[debug] [2020-11-15T09:12:37.843Z] >>> HTTP REQUEST POST https://iam.googleapis.com/v1/projects/allroundeditor-dcc51/serviceAccounts/allroundeditor-dcc51@appspot.gserviceaccount.com:testIamPermissions  
 {"permissions":["iam.serviceAccounts.actAs"]}
[debug] [2020-11-15T09:12:38.950Z] <<< HTTP RESPONSE 200 {"content-type":"application/json; charset=UTF-8","vary":"X-Origin, Referer, Origin,Accept-Encoding","date":"Sun, 15 Nov 2020 09:12:39 GMT","server":"ESF","cache-control":"private","x-xss-protection":"0","x-frame-options":"SAMEORIGIN","x-content-type-options":"nosniff","alt-svc":"h3-Q050=\":443\"; ma=2592000,h3-29=\":443\"; ma=2592000,h3-T051=\":443\"; ma=2592000,h3-Q046=\":443\"; ma=2592000,h3-Q043=\":443\"; ma=2592000,quic=\":443\"; ma=2592000; v=\"46,43\"","accept-ranges":"none","transfer-encoding":"chunked"}
[debug] [2020-11-15T09:12:38.953Z] >>> HTTP REQUEST GET https://firebase.googleapis.com/v1beta1/projects/allroundeditor-dcc51  
 
[debug] [2020-11-15T09:12:39.554Z] <<< HTTP RESPONSE 200 {"content-type":"application/json; charset=UTF-8","vary":"X-Origin, Referer, Origin,Accept-Encoding","date":"Sun, 15 Nov 2020 09:12:40 GMT","server":"ESF","cache-control":"private","x-xss-protection":"0","x-frame-options":"SAMEORIGIN","x-content-type-options":"nosniff","alt-svc":"h3-Q050=\":443\"; ma=2592000,h3-29=\":443\"; ma=2592000,h3-T051=\":443\"; ma=2592000,h3-Q046=\":443\"; ma=2592000,h3-Q043=\":443\"; ma=2592000,quic=\":443\"; ma=2592000; v=\"46,43\"","accept-ranges":"none","transfer-encoding":"chunked"}
[info] 
[info] === Deploying to 'allroundeditor-dcc51'...
[info] 
[info] i  deploying storage, functions, hosting 
[debug] [2020-11-15T09:12:43.338Z] >>> HTTP REQUEST GET https://appengine.googleapis.com/v1/apps/allroundeditor-dcc51  
 
[debug] [2020-11-15T09:12:44.105Z] <<< HTTP RESPONSE 200 {"content-type":"application/json; charset=UTF-8","vary":"X-Origin, Referer, Origin,Accept-Encoding","date":"Sun, 15 Nov 2020 09:12:44 GMT","server":"ESF","cache-control":"private","x-xss-protection":"0","x-frame-options":"SAMEORIGIN","x-content-type-options":"nosniff","alt-svc":"h3-Q050=\":443\"; ma=2592000,h3-29=\":443\"; ma=2592000,h3-T051=\":443\"; ma=2592000,h3-Q046=\":443\"; ma=2592000,h3-Q043=\":443\"; ma=2592000,quic=\":443\"; ma=2592000; v=\"46,43\"","accept-ranges":"none","transfer-encoding":"chunked"}
[info] i  firebase.storage: checking storage.rules for compilation errors... 
[debug] [2020-11-15T09:12:44.119Z] >>> HTTP REQUEST POST https://firebaserules.googleapis.com/v1/projects/allroundeditor-dcc51:test  
 {"source":{"files":[{"name":"storage.rules","content":"rules_version = '2';\r\nservice firebase.storage {\r\n  match /b/{bucket}/o {\r\n    match /{allPaths=**} {\r\n      allow read, write: if request.auth!=null;\r\n    }\r\n  }\r\n}\r\n"}]}}
[debug] [2020-11-15T09:12:44.717Z] <<< HTTP RESPONSE 200 {"content-type":"application/json; charset=UTF-8","vary":"X-Origin, Referer, Origin,Accept-Encoding","date":"Sun, 15 Nov 2020 09:12:45 GMT","server":"ESF","cache-control":"private","x-xss-protection":"0","x-frame-options":"SAMEORIGIN","x-content-type-options":"nosniff","alt-svc":"h3-Q050=\":443\"; ma=2592000,h3-29=\":443\"; ma=2592000,h3-T051=\":443\"; ma=2592000,h3-Q046=\":443\"; ma=2592000,h3-Q043=\":443\"; ma=2592000,quic=\":443\"; ma=2592000; v=\"46,43\"","accept-ranges":"none","transfer-encoding":"chunked"}
[info] +  firebase.storage: rules file storage.rules compiled successfully 
[debug] [2020-11-15T09:12:44.733Z] > [functions] package.json contents: {
  "name": "functions",
  "description": "Cloud Functions for Firebase",
  "scripts": {
    "serve": "firebase emulators:start --only functions",
    "shell": "firebase functions:shell",
    "start": "npm run shell",
    "deploy": "firebase deploy --only functions",
    "logs": "firebase functions:log"
  },
  "engines": {
    "node": "12"
  },
  "main": "index.js",
  "dependencies": {
    "express": "^4.17.1",
    "firebase-admin": "^9.2.0",
    "firebase-functions": "^3.11.0"
  },
  "devDependencies": {
    "firebase-functions-test": "^0.2.0"
  },
  "private": true
}
[info] i  functions: ensuring required API cloudfunctions.googleapis.com is enabled... 
[info] i  functions: ensuring required API cloudbuild.googleapis.com is enabled... 
[debug] [2020-11-15T09:12:46.669Z] >>> HTTP REQUEST GET https://serviceusage.googleapis.com/v1/projects/allroundeditor-dcc51/services/cloudfunctions.googleapis.com  
 
[debug] [2020-11-15T09:12:46.673Z] >>> HTTP REQUEST GET https://serviceusage.googleapis.com/v1/projects/allroundeditor-dcc51/services/runtimeconfig.googleapis.com  
 
[debug] [2020-11-15T09:12:46.680Z] >>> HTTP REQUEST GET https://serviceusage.googleapis.com/v1/projects/allroundeditor-dcc51/services/cloudbuild.googleapis.com  
 
[debug] [2020-11-15T09:12:48.037Z] <<< HTTP RESPONSE 200 {"content-type":"application/json; charset=UTF-8","vary":"X-Origin, Referer, Origin,Accept-Encoding","date":"Sun, 15 Nov 2020 09:12:48 GMT","server":"ESF","cache-control":"private","x-xss-protection":"0","x-frame-options":"SAMEORIGIN","x-content-type-options":"nosniff","alt-svc":"h3-Q050=\":443\"; ma=2592000,h3-29=\":443\"; ma=2592000,h3-T051=\":443\"; ma=2592000,h3-Q046=\":443\"; ma=2592000,h3-Q043=\":443\"; ma=2592000,quic=\":443\"; ma=2592000; v=\"46,43\"","accept-ranges":"none","transfer-encoding":"chunked"}
[debug] [2020-11-15T09:12:48.108Z] <<< HTTP RESPONSE 200 {"content-type":"application/json; charset=UTF-8","vary":"X-Origin, Referer, Origin,Accept-Encoding","date":"Sun, 15 Nov 2020 09:12:48 GMT","server":"ESF","cache-control":"private","x-xss-protection":"0","x-frame-options":"SAMEORIGIN","x-content-type-options":"nosniff","alt-svc":"h3-Q050=\":443\"; ma=2592000,h3-29=\":443\"; ma=2592000,h3-T051=\":443\"; ma=2592000,h3-Q046=\":443\"; ma=2592000,h3-Q043=\":443\"; ma=2592000,quic=\":443\"; ma=2592000; v=\"46,43\"","accept-ranges":"none","transfer-encoding":"chunked"}
[info] +  functions: required API cloudbuild.googleapis.com is enabled 
[debug] [2020-11-15T09:12:48.151Z] <<< HTTP RESPONSE 200 {"content-type":"application/json; charset=UTF-8","vary":"X-Origin, Referer, Origin,Accept-Encoding","date":"Sun, 15 Nov 2020 09:12:48 GMT","server":"ESF","cache-control":"private","x-xss-protection":"0","x-frame-options":"SAMEORIGIN","x-content-type-options":"nosniff","alt-svc":"h3-Q050=\":443\"; ma=2592000,h3-29=\":443\"; ma=2592000,h3-T051=\":443\"; ma=2592000,h3-Q046=\":443\"; ma=2592000,h3-Q043=\":443\"; ma=2592000,quic=\":443\"; ma=2592000; v=\"46,43\"","accept-ranges":"none","transfer-encoding":"chunked"}
[info] +  functions: required API cloudfunctions.googleapis.com is enabled 
[debug] [2020-11-15T09:12:48.155Z] >>> HTTP REQUEST GET https://firebase.googleapis.com/v1beta1/projects/allroundeditor-dcc51/adminSdkConfig  
 
[debug] [2020-11-15T09:12:48.897Z] <<< HTTP RESPONSE 200 {"content-type":"application/json; charset=UTF-8","vary":"X-Origin, Referer, Origin,Accept-Encoding","date":"Sun, 15 Nov 2020 09:12:49 GMT","server":"ESF","cache-control":"private","x-xss-protection":"0","x-frame-options":"SAMEORIGIN","x-content-type-options":"nosniff","alt-svc":"h3-Q050=\":443\"; ma=2592000,h3-29=\":443\"; ma=2592000,h3-T051=\":443\"; ma=2592000,h3-Q046=\":443\"; ma=2592000,h3-Q043=\":443\"; ma=2592000,quic=\":443\"; ma=2592000; v=\"46,43\"","accept-ranges":"none","transfer-encoding":"chunked"}
[debug] [2020-11-15T09:12:48.912Z] >>> HTTP REQUEST POST https://firebasehosting.googleapis.com/v1beta1/sites/allroundeditor-dcc51/versions  
 {"config":{"rewrites":[{"glob":"**","path":"/index.html"}]},"labels":{"deployment-tool":"cli-firebase"}}
[debug] [2020-11-15T09:12:50.665Z] <<< HTTP RESPONSE 200 {"content-type":"application/json; charset=UTF-8","vary":"X-Origin, Referer, Origin,Accept-Encoding","date":"Sun, 15 Nov 2020 09:12:51 GMT","server":"ESF","cache-control":"private","x-xss-protection":"0","x-frame-options":"SAMEORIGIN","x-content-type-options":"nosniff","alt-svc":"h3-Q050=\":443\"; ma=2592000,h3-29=\":443\"; ma=2592000,h3-T051=\":443\"; ma=2592000,h3-Q046=\":443\"; ma=2592000,h3-Q043=\":443\"; ma=2592000,quic=\":443\"; ma=2592000; v=\"46,43\"","accept-ranges":"none","transfer-encoding":"chunked"}
[debug] [2020-11-15T09:12:50.680Z] >>> HTTP REQUEST GET https://firebaserules.googleapis.com/v1/projects/allroundeditor-dcc51/releases?pageSize=10&pageToken=  
 
[debug] [2020-11-15T09:12:51.908Z] <<< HTTP RESPONSE 200 {"content-type":"application/json; charset=UTF-8","vary":"X-Origin, Referer, Origin,Accept-Encoding","date":"Sun, 15 Nov 2020 09:12:52 GMT","server":"ESF","cache-control":"private","x-xss-protection":"0","x-frame-options":"SAMEORIGIN","x-content-type-options":"nosniff","alt-svc":"h3-Q050=\":443\"; ma=2592000,h3-29=\":443\"; ma=2592000,h3-T051=\":443\"; ma=2592000,h3-Q046=\":443\"; ma=2592000,h3-Q043=\":443\"; ma=2592000,quic=\":443\"; ma=2592000; v=\"46,43\"","accept-ranges":"none","transfer-encoding":"chunked"}
[debug] [2020-11-15T09:12:51.910Z] >>> HTTP REQUEST GET https://firebaserules.googleapis.com/v1/projects/allroundeditor-dcc51/rulesets/bac65d63-f5cf-43e9-905d-6623e7062d46  
 
[debug] [2020-11-15T09:12:53.191Z] <<< HTTP RESPONSE 200 {"content-type":"application/json; charset=UTF-8","vary":"X-Origin, Referer, Origin,Accept-Encoding","date":"Sun, 15 Nov 2020 09:12:53 GMT","server":"ESF","cache-control":"private","x-xss-protection":"0","x-frame-options":"SAMEORIGIN","x-content-type-options":"nosniff","alt-svc":"h3-Q050=\":443\"; ma=2592000,h3-29=\":443\"; ma=2592000,h3-T051=\":443\"; ma=2592000,h3-Q046=\":443\"; ma=2592000,h3-Q043=\":443\"; ma=2592000,quic=\":443\"; ma=2592000; v=\"46,43\"","accept-ranges":"none","transfer-encoding":"chunked"}
[info] i  storage: latest version of storage.rules already up to date, skipping upload... 
[info] i  functions: preparing functions directory for uploading... 
[debug] [2020-11-15T09:12:53.209Z] >>> HTTP REQUEST GET https://runtimeconfig.googleapis.com/v1beta1/projects/allroundeditor-dcc51/configs  
 
[debug] [2020-11-15T09:12:54.004Z] <<< HTTP RESPONSE 200 {"content-type":"application/json; charset=UTF-8","vary":"X-Origin, Referer, Origin,Accept-Encoding","date":"Sun, 15 Nov 2020 09:12:54 GMT","server":"ESF","cache-control":"private","x-xss-protection":"0","x-frame-options":"SAMEORIGIN","x-content-type-options":"nosniff","alt-svc":"h3-Q050=\":443\"; ma=2592000,h3-29=\":443\"; ma=2592000,h3-T051=\":443\"; ma=2592000,h3-Q046=\":443\"; ma=2592000,h3-Q043=\":443\"; ma=2592000,quic=\":443\"; ma=2592000; v=\"46,43\"","accept-ranges":"none","transfer-encoding":"chunked"}
[info] i  functions: packaged functions (28.76 KB) for uploading 
[debug] [2020-11-15T09:12:54.922Z] >>> HTTP REQUEST GET https://cloudfunctions.googleapis.com/v1/projects/allroundeditor-dcc51/locations/-/functions  
 
[debug] [2020-11-15T09:12:55.802Z] <<< HTTP RESPONSE 200 {"content-type":"application/json; charset=UTF-8","vary":"X-Origin, Referer, Origin,Accept-Encoding","date":"Sun, 15 Nov 2020 09:12:56 GMT","server":"ESF","cache-control":"private","x-xss-protection":"0","x-frame-options":"SAMEORIGIN","x-content-type-options":"nosniff","alt-svc":"h3-Q050=\":443\"; ma=2592000,h3-29=\":443\"; ma=2592000,h3-T051=\":443\"; ma=2592000,h3-Q046=\":443\"; ma=2592000,h3-Q043=\":443\"; ma=2592000,quic=\":443\"; ma=2592000; v=\"46,43\"","accept-ranges":"none","transfer-encoding":"chunked"}
[debug] [2020-11-15T09:12:55.816Z] >>> HTTP REQUEST POST https://cloudfunctions.googleapis.com/v1/projects/allroundeditor-dcc51/locations/us-central1/functions:generateUploadUrl  
 
[debug] [2020-11-15T09:12:56.677Z] <<< HTTP RESPONSE 200 {"content-type":"application/json; charset=UTF-8","vary":"X-Origin, Referer, Origin,Accept-Encoding","date":"Sun, 15 Nov 2020 09:12:57 GMT","server":"ESF","cache-control":"private","x-xss-protection":"0","x-frame-options":"SAMEORIGIN","x-content-type-options":"nosniff","alt-svc":"h3-Q050=\":443\"; ma=2592000,h3-29=\":443\"; ma=2592000,h3-T051=\":443\"; ma=2592000,h3-Q046=\":443\"; ma=2592000,h3-Q043=\":443\"; ma=2592000,quic=\":443\"; ma=2592000; v=\"46,43\"","accept-ranges":"none","transfer-encoding":"chunked"}
[debug] [2020-11-15T09:12:56.680Z] >>> HTTP REQUEST PUT https://storage.googleapis.com/gcf-upload-us-central1-f9a120df-0d13-4545-ad81-1ee826758a4e/17a9d8ab-5ced-484d-95bf-92d35ec76b33.zip?GoogleAccessId=service-547232769769@gcf-admin-robot.iam.gserviceaccount.com&Expires=1605433377&Signature=kwQm5WUiR7snooCmrtkOA8Qdu9rjpud38hEzKfN5b1JpEDuq%2F5LXq6dhtLCRlWt2Mdl9MbQJWmVksAOn0UeZGzyocZi7czF7XGrA5uYjv284fchGaDbH%2B3sfvX6enXAIsK6vb1voXIcM8utJL4pQz%2FUXc1%2Fx1DWhn77hes2m5mdF7NMYUjz%2BAJtYgaXy8vvAuHu74342c7PhnmGP0%2BYJccydvuh7TMR9MNTXUo%2FbdD%2FODbPV6sRmT%2F4pxscN0sf7ENs7iHstncZP3PB4pHpuAUBectiHTyp06Ab4%2B11xtKF28YiT2br1lm4gpStQzQN%2B0yCnxJ5v9287rPEdxpdB8Q%3D%3D  
 <request body omitted>
[debug] [2020-11-15T09:12:57.201Z] <<< HTTP RESPONSE 200 {"x-guploader-uploadid":"ABg5-UwXmSkWGThCRyBLMfIHYrmwwoab4NITY0G7Mf3cTRsKl2idt9-x2iY54gH8GmZS54vkp2OAn1e9wOC7cOMI2w","etag":"\"1ce3f4c544d7c96e3f48bf61a792ad73\"","x-goog-generation":"1605431577871392","x-goog-metageneration":"1","x-goog-hash":"crc32c=jAPXTQ==, md5=HOP0xUTXyW4/SL9hp5Ktcw==","x-goog-stored-content-length":"29450","x-goog-stored-content-encoding":"identity","vary":"Origin","content-length":"0","date":"Sun, 15 Nov 2020 09:12:57 GMT","server":"UploadServer","content-type":"text/html; charset=UTF-8","alt-svc":"h3-Q050=\":443\"; ma=2592000,h3-29=\":443\"; ma=2592000,h3-T051=\":443\"; ma=2592000,h3-Q046=\":443\"; ma=2592000,h3-Q043=\":443\"; ma=2592000,quic=\":443\"; ma=2592000; v=\"46,43\""}
[info] +  functions: functions folder uploaded successfully 
[info] i  hosting[allroundeditor-dcc51]: beginning deploy... 
[info] i  hosting[allroundeditor-dcc51]: found 7 files in public 
[debug] [2020-11-15T09:12:57.229Z] [hosting] hash cache [cHVibGlj] stored for 7 files
[debug] [2020-11-15T09:12:57.237Z] [hosting][hash queue][FINAL] {"max":1,"min":0,"avg":0,"active":0,"complete":7,"success":7,"errored":0,"retried":0,"total":7,"elapsed":13}
[debug] [2020-11-15T09:12:57.238Z] >>> HTTP REQUEST POST https://firebasehosting.googleapis.com/v1beta1/sites/allroundeditor-dcc51/versions/52cca535f6c2fe07:populateFiles  
 <request body omitted>
[debug] [2020-11-15T09:12:58.421Z] <<< HTTP RESPONSE 200 {"content-type":"application/json; charset=UTF-8","vary":"X-Origin, Referer, Origin,Accept-Encoding","date":"Sun, 15 Nov 2020 09:12:59 GMT","server":"ESF","cache-control":"private","x-xss-protection":"0","x-frame-options":"SAMEORIGIN","x-content-type-options":"nosniff","alt-svc":"h3-Q050=\":443\"; ma=2592000,h3-29=\":443\"; ma=2592000,h3-T051=\":443\"; ma=2592000,h3-Q046=\":443\"; ma=2592000,h3-Q043=\":443\"; ma=2592000,quic=\":443\"; ma=2592000; v=\"46,43\"","accept-ranges":"none","transfer-encoding":"chunked"}
[debug] [2020-11-15T09:12:58.423Z] [hosting][populate queue][FINAL] {"max":1196,"min":1196,"avg":1196,"active":0,"complete":1,"success":1,"errored":0,"retried":0,"total":1,"elapsed":1197}
[debug] [2020-11-15T09:12:58.434Z] [hosting] uploads queued: 0
[debug] [2020-11-15T09:12:58.435Z] [hosting][upload queue][FINAL] {"max":0,"min":9999999999,"avg":0,"active":0,"complete":0,"success":0,"errored":0,"retried":0,"total":0,"elapsed":1605431578435}
[info] +  hosting[allroundeditor-dcc51]: file upload complete 
[debug] [2020-11-15T09:12:58.438Z] [hosting] deploy completed after 1221ms
[debug] [2020-11-15T09:12:58.769Z] [rules] releasing firebase.storage/allroundeditor-dcc51.appspot.com with ruleset projects/allroundeditor-dcc51/rulesets/bac65d63-f5cf-43e9-905d-6623e7062d46
[debug] [2020-11-15T09:12:58.770Z] >>> HTTP REQUEST PATCH https://firebaserules.googleapis.com/v1/projects/allroundeditor-dcc51/releases/firebase.storage/allroundeditor-dcc51.appspot.com  
 {"release":{"name":"projects/allroundeditor-dcc51/releases/firebase.storage/allroundeditor-dcc51.appspot.com","rulesetName":"projects/allroundeditor-dcc51/rulesets/bac65d63-f5cf-43e9-905d-6623e7062d46"}}
[debug] [2020-11-15T09:13:00.048Z] <<< HTTP RESPONSE 200 {"content-type":"application/json; charset=UTF-8","vary":"X-Origin, Referer, Origin,Accept-Encoding","date":"Sun, 15 Nov 2020 09:13:00 GMT","server":"ESF","cache-control":"private","x-xss-protection":"0","x-frame-options":"SAMEORIGIN","x-content-type-options":"nosniff","alt-svc":"h3-Q050=\":443\"; ma=2592000,h3-29=\":443\"; ma=2592000,h3-T051=\":443\"; ma=2592000,h3-Q046=\":443\"; ma=2592000,h3-Q043=\":443\"; ma=2592000,quic=\":443\"; ma=2592000; v=\"46,43\"","accept-ranges":"none","transfer-encoding":"chunked"}
[debug] [2020-11-15T09:13:00.060Z] [rules] updated release projects/allroundeditor-dcc51/releases/firebase.storage/allroundeditor-dcc51.appspot.com
[info] +  storage: released rules storage.rules to firebase.storage 
[info] i  functions: updating Node.js 12 function api(asia-northeast3)... 
[debug] [2020-11-15T09:13:00.070Z] Trigger is:  {"httpsTrigger":{}}
[debug] [2020-11-15T09:13:00.072Z] >>> HTTP REQUEST PATCH https://cloudfunctions.googleapis.com/v1/projects/allroundeditor-dcc51/locations/asia-northeast3/functions/api {"updateMask":"sourceUploadUrl,name,labels,runtime,environmentVariables,httpsTrigger"} 
 {"sourceUploadUrl":"https://storage.googleapis.com/gcf-upload-us-central1-f9a120df-0d13-4545-ad81-1ee826758a4e/17a9d8ab-5ced-484d-95bf-92d35ec76b33.zip?GoogleAccessId=service-547232769769@gcf-admin-robot.iam.gserviceaccount.com&Expires=1605433377&Signature=kwQm5WUiR7snooCmrtkOA8Qdu9rjpud38hEzKfN5b1JpEDuq%2F5LXq6dhtLCRlWt2Mdl9MbQJWmVksAOn0UeZGzyocZi7czF7XGrA5uYjv284fchGaDbH%2B3sfvX6enXAIsK6vb1voXIcM8utJL4pQz%2FUXc1%2Fx1DWhn77hes2m5mdF7NMYUjz%2BAJtYgaXy8vvAuHu74342c7PhnmGP0%2BYJccydvuh7TMR9MNTXUo%2FbdD%2FODbPV6sRmT%2F4pxscN0sf7ENs7iHstncZP3PB4pHpuAUBectiHTyp06Ab4%2B11xtKF28YiT2br1lm4gpStQzQN%2B0yCnxJ5v9287rPEdxpdB8Q%3D%3D","name":"projects/allroundeditor-dcc51/locations/asia-northeast3/functions/api","labels":{"deployment-tool":"cli-firebase"},"httpsTrigger":{},"runtime":"nodejs12","environmentVariables":{"FIREBASE_CONFIG":"{\"projectId\":\"allroundeditor-dcc51\",\"databaseURL\":\"https://allroundeditor-dcc51.firebaseio.com\",\"storageBucket\":\"allroundeditor-dcc51.appspot.com\",\"locationId\":\"asia-northeast3\"}"}}
[debug] [2020-11-15T09:13:01.280Z] <<< HTTP RESPONSE 200 {"content-type":"application/json; charset=UTF-8","vary":"X-Origin, Referer, Origin,Accept-Encoding","date":"Sun, 15 Nov 2020 09:13:01 GMT","server":"ESF","cache-control":"private","x-xss-protection":"0","x-frame-options":"SAMEORIGIN","x-content-type-options":"nosniff","alt-svc":"h3-Q050=\":443\"; ma=2592000,h3-29=\":443\"; ma=2592000,h3-T051=\":443\"; ma=2592000,h3-Q046=\":443\"; ma=2592000,h3-Q043=\":443\"; ma=2592000,quic=\":443\"; ma=2592000; v=\"46,43\"","accept-ranges":"none","transfer-encoding":"chunked"}
[debug] [2020-11-15T09:13:01.284Z] >>> HTTP REQUEST GET https://cloudfunctions.googleapis.com/v1/projects/allroundeditor-dcc51/locations/-/functions  
 
[debug] [2020-11-15T09:13:02.070Z] <<< HTTP RESPONSE 200 {"content-type":"application/json; charset=UTF-8","vary":"X-Origin, Referer, Origin,Accept-Encoding","date":"Sun, 15 Nov 2020 09:13:02 GMT","server":"ESF","cache-control":"private","x-xss-protection":"0","x-frame-options":"SAMEORIGIN","x-content-type-options":"nosniff","alt-svc":"h3-Q050=\":443\"; ma=2592000,h3-29=\":443\"; ma=2592000,h3-T051=\":443\"; ma=2592000,h3-Q046=\":443\"; ma=2592000,h3-Q043=\":443\"; ma=2592000,quic=\":443\"; ma=2592000; v=\"46,43\"","accept-ranges":"none","transfer-encoding":"chunked"}
[debug] [2020-11-15T09:13:02.088Z] >>> HTTP REQUEST GET https://cloudfunctions.googleapis.com/v1/operations/YWxscm91bmRlZGl0b3ItZGNjNTEvYXNpYS1ub3J0aGVhc3QzL2FwaS9LTVFKZHg1M2ItMA  
 
[debug] [2020-11-15T09:13:02.513Z] <<< HTTP RESPONSE 200 {"content-type":"application/json; charset=UTF-8","vary":"X-Origin, Referer, Origin,Accept-Encoding","date":"Sun, 15 Nov 2020 09:13:03 GMT","server":"ESF","cache-control":"private","x-xss-protection":"0","x-frame-options":"SAMEORIGIN","x-content-type-options":"nosniff","alt-svc":"h3-Q050=\":443\"; ma=2592000,h3-29=\":443\"; ma=2592000,h3-T051=\":443\"; ma=2592000,h3-Q046=\":443\"; ma=2592000,h3-Q043=\":443\"; ma=2592000,quic=\":443\"; ma=2592000; v=\"46,43\"","accept-ranges":"none","transfer-encoding":"chunked"}
[debug] [2020-11-15T09:13:04.527Z] >>> HTTP REQUEST GET https://cloudfunctions.googleapis.com/v1/operations/YWxscm91bmRlZGl0b3ItZGNjNTEvYXNpYS1ub3J0aGVhc3QzL2FwaS9LTVFKZHg1M2ItMA  
 
[debug] [2020-11-15T09:13:04.931Z] <<< HTTP RESPONSE 200 {"content-type":"application/json; charset=UTF-8","vary":"X-Origin, Referer, Origin,Accept-Encoding","date":"Sun, 15 Nov 2020 09:13:05 GMT","server":"ESF","cache-control":"private","x-xss-protection":"0","x-frame-options":"SAMEORIGIN","x-content-type-options":"nosniff","alt-svc":"h3-Q050=\":443\"; ma=2592000,h3-29=\":443\"; ma=2592000,h3-T051=\":443\"; ma=2592000,h3-Q046=\":443\"; ma=2592000,h3-Q043=\":443\"; ma=2592000,quic=\":443\"; ma=2592000; v=\"46,43\"","accept-ranges":"none","transfer-encoding":"chunked"}
[debug] [2020-11-15T09:13:06.937Z] >>> HTTP REQUEST GET https://cloudfunctions.googleapis.com/v1/operations/YWxscm91bmRlZGl0b3ItZGNjNTEvYXNpYS1ub3J0aGVhc3QzL2FwaS9LTVFKZHg1M2ItMA  
 
[debug] [2020-11-15T09:13:07.335Z] <<< HTTP RESPONSE 200 {"content-type":"application/json; charset=UTF-8","vary":"X-Origin, Referer, Origin,Accept-Encoding","date":"Sun, 15 Nov 2020 09:13:08 GMT","server":"ESF","cache-control":"private","x-xss-protection":"0","x-frame-options":"SAMEORIGIN","x-content-type-options":"nosniff","alt-svc":"h3-Q050=\":443\"; ma=2592000,h3-29=\":443\"; ma=2592000,h3-T051=\":443\"; ma=2592000,h3-Q046=\":443\"; ma=2592000,h3-Q043=\":443\"; ma=2592000,quic=\":443\"; ma=2592000; v=\"46,43\"","accept-ranges":"none","transfer-encoding":"chunked"}
[debug] [2020-11-15T09:13:09.348Z] >>> HTTP REQUEST GET https://cloudfunctions.googleapis.com/v1/operations/YWxscm91bmRlZGl0b3ItZGNjNTEvYXNpYS1ub3J0aGVhc3QzL2FwaS9LTVFKZHg1M2ItMA  
 
[debug] [2020-11-15T09:13:09.718Z] <<< HTTP RESPONSE 200 {"content-type":"application/json; charset=UTF-8","vary":"X-Origin, Referer, Origin,Accept-Encoding","date":"Sun, 15 Nov 2020 09:13:10 GMT","server":"ESF","cache-control":"private","x-xss-protection":"0","x-frame-options":"SAMEORIGIN","x-content-type-options":"nosniff","alt-svc":"h3-Q050=\":443\"; ma=2592000,h3-29=\":443\"; ma=2592000,h3-T051=\":443\"; ma=2592000,h3-Q046=\":443\"; ma=2592000,h3-Q043=\":443\"; ma=2592000,quic=\":443\"; ma=2592000; v=\"46,43\"","accept-ranges":"none","transfer-encoding":"chunked"}
[debug] [2020-11-15T09:13:11.726Z] >>> HTTP REQUEST GET https://cloudfunctions.googleapis.com/v1/operations/YWxscm91bmRlZGl0b3ItZGNjNTEvYXNpYS1ub3J0aGVhc3QzL2FwaS9LTVFKZHg1M2ItMA  
 
[debug] [2020-11-15T09:13:12.192Z] <<< HTTP RESPONSE 200 {"content-type":"application/json; charset=UTF-8","vary":"X-Origin, Referer, Origin,Accept-Encoding","date":"Sun, 15 Nov 2020 09:13:12 GMT","server":"ESF","cache-control":"private","x-xss-protection":"0","x-frame-options":"SAMEORIGIN","x-content-type-options":"nosniff","alt-svc":"h3-Q050=\":443\"; ma=2592000,h3-29=\":443\"; ma=2592000,h3-T051=\":443\"; ma=2592000,h3-Q046=\":443\"; ma=2592000,h3-Q043=\":443\"; ma=2592000,quic=\":443\"; ma=2592000; v=\"46,43\"","accept-ranges":"none","transfer-encoding":"chunked"}
[debug] [2020-11-15T09:13:14.207Z] >>> HTTP REQUEST GET https://cloudfunctions.googleapis.com/v1/operations/YWxscm91bmRlZGl0b3ItZGNjNTEvYXNpYS1ub3J0aGVhc3QzL2FwaS9LTVFKZHg1M2ItMA  
 
[debug] [2020-11-15T09:13:14.663Z] <<< HTTP RESPONSE 200 {"content-type":"application/json; charset=UTF-8","vary":"X-Origin, Referer, Origin,Accept-Encoding","date":"Sun, 15 Nov 2020 09:13:15 GMT","server":"ESF","cache-control":"private","x-xss-protection":"0","x-frame-options":"SAMEORIGIN","x-content-type-options":"nosniff","alt-svc":"h3-Q050=\":443\"; ma=2592000,h3-29=\":443\"; ma=2592000,h3-T051=\":443\"; ma=2592000,h3-Q046=\":443\"; ma=2592000,h3-Q043=\":443\"; ma=2592000,quic=\":443\"; ma=2592000; v=\"46,43\"","accept-ranges":"none","transfer-encoding":"chunked"}
[debug] [2020-11-15T09:13:16.674Z] >>> HTTP REQUEST GET https://cloudfunctions.googleapis.com/v1/operations/YWxscm91bmRlZGl0b3ItZGNjNTEvYXNpYS1ub3J0aGVhc3QzL2FwaS9LTVFKZHg1M2ItMA  
 
[debug] [2020-11-15T09:13:17.396Z] <<< HTTP RESPONSE 200 {"content-type":"application/json; charset=UTF-8","vary":"X-Origin, Referer, Origin,Accept-Encoding","date":"Sun, 15 Nov 2020 09:13:17 GMT","server":"ESF","cache-control":"private","x-xss-protection":"0","x-frame-options":"SAMEORIGIN","x-content-type-options":"nosniff","alt-svc":"h3-Q050=\":443\"; ma=2592000,h3-29=\":443\"; ma=2592000,h3-T051=\":443\"; ma=2592000,h3-Q046=\":443\"; ma=2592000,h3-Q043=\":443\"; ma=2592000,quic=\":443\"; ma=2592000; v=\"46,43\"","accept-ranges":"none","transfer-encoding":"chunked"}
[debug] [2020-11-15T09:13:19.409Z] >>> HTTP REQUEST GET https://cloudfunctions.googleapis.com/v1/operations/YWxscm91bmRlZGl0b3ItZGNjNTEvYXNpYS1ub3J0aGVhc3QzL2FwaS9LTVFKZHg1M2ItMA  
 
[debug] [2020-11-15T09:13:20.010Z] <<< HTTP RESPONSE 200 {"content-type":"application/json; charset=UTF-8","vary":"X-Origin, Referer, Origin,Accept-Encoding","date":"Sun, 15 Nov 2020 09:13:20 GMT","server":"ESF","cache-control":"private","x-xss-protection":"0","x-frame-options":"SAMEORIGIN","x-content-type-options":"nosniff","alt-svc":"h3-Q050=\":443\"; ma=2592000,h3-29=\":443\"; ma=2592000,h3-T051=\":443\"; ma=2592000,h3-Q046=\":443\"; ma=2592000,h3-Q043=\":443\"; ma=2592000,quic=\":443\"; ma=2592000; v=\"46,43\"","accept-ranges":"none","transfer-encoding":"chunked"}
[debug] [2020-11-15T09:13:22.034Z] >>> HTTP REQUEST GET https://cloudfunctions.googleapis.com/v1/operations/YWxscm91bmRlZGl0b3ItZGNjNTEvYXNpYS1ub3J0aGVhc3QzL2FwaS9LTVFKZHg1M2ItMA  
 
[debug] [2020-11-15T09:13:22.572Z] <<< HTTP RESPONSE 200 {"content-type":"application/json; charset=UTF-8","vary":"X-Origin, Referer, Origin,Accept-Encoding","date":"Sun, 15 Nov 2020 09:13:23 GMT","server":"ESF","cache-control":"private","x-xss-protection":"0","x-frame-options":"SAMEORIGIN","x-content-type-options":"nosniff","alt-svc":"h3-Q050=\":443\"; ma=2592000,h3-29=\":443\"; ma=2592000,h3-T051=\":443\"; ma=2592000,h3-Q046=\":443\"; ma=2592000,h3-Q043=\":443\"; ma=2592000,quic=\":443\"; ma=2592000; v=\"46,43\"","accept-ranges":"none","transfer-encoding":"chunked"}
[debug] [2020-11-15T09:13:24.596Z] >>> HTTP REQUEST GET https://cloudfunctions.googleapis.com/v1/operations/YWxscm91bmRlZGl0b3ItZGNjNTEvYXNpYS1ub3J0aGVhc3QzL2FwaS9LTVFKZHg1M2ItMA  
 
[debug] [2020-11-15T09:13:24.972Z] <<< HTTP RESPONSE 200 {"content-type":"application/json; charset=UTF-8","vary":"X-Origin, Referer, Origin,Accept-Encoding","date":"Sun, 15 Nov 2020 09:13:25 GMT","server":"ESF","cache-control":"private","x-xss-protection":"0","x-frame-options":"SAMEORIGIN","x-content-type-options":"nosniff","alt-svc":"h3-Q050=\":443\"; ma=2592000,h3-29=\":443\"; ma=2592000,h3-T051=\":443\"; ma=2592000,h3-Q046=\":443\"; ma=2592000,h3-Q043=\":443\"; ma=2592000,quic=\":443\"; ma=2592000; v=\"46,43\"","accept-ranges":"none","transfer-encoding":"chunked"}
[debug] [2020-11-15T09:13:26.990Z] >>> HTTP REQUEST GET https://cloudfunctions.googleapis.com/v1/operations/YWxscm91bmRlZGl0b3ItZGNjNTEvYXNpYS1ub3J0aGVhc3QzL2FwaS9LTVFKZHg1M2ItMA  
 
[debug] [2020-11-15T09:13:27.450Z] <<< HTTP RESPONSE 200 {"content-type":"application/json; charset=UTF-8","vary":"X-Origin, Referer, Origin,Accept-Encoding","date":"Sun, 15 Nov 2020 09:13:28 GMT","server":"ESF","cache-control":"private","x-xss-protection":"0","x-frame-options":"SAMEORIGIN","x-content-type-options":"nosniff","alt-svc":"h3-Q050=\":443\"; ma=2592000,h3-29=\":443\"; ma=2592000,h3-T051=\":443\"; ma=2592000,h3-Q046=\":443\"; ma=2592000,h3-Q043=\":443\"; ma=2592000,quic=\":443\"; ma=2592000; v=\"46,43\"","accept-ranges":"none","transfer-encoding":"chunked"}
[debug] [2020-11-15T09:13:29.467Z] >>> HTTP REQUEST GET https://cloudfunctions.googleapis.com/v1/operations/YWxscm91bmRlZGl0b3ItZGNjNTEvYXNpYS1ub3J0aGVhc3QzL2FwaS9LTVFKZHg1M2ItMA  
 
[debug] [2020-11-15T09:13:29.864Z] <<< HTTP RESPONSE 200 {"content-type":"application/json; charset=UTF-8","vary":"X-Origin, Referer, Origin,Accept-Encoding","date":"Sun, 15 Nov 2020 09:13:30 GMT","server":"ESF","cache-control":"private","x-xss-protection":"0","x-frame-options":"SAMEORIGIN","x-content-type-options":"nosniff","alt-svc":"h3-Q050=\":443\"; ma=2592000,h3-29=\":443\"; ma=2592000,h3-T051=\":443\"; ma=2592000,h3-Q046=\":443\"; ma=2592000,h3-Q043=\":443\"; ma=2592000,quic=\":443\"; ma=2592000; v=\"46,43\"","accept-ranges":"none","transfer-encoding":"chunked"}
[debug] [2020-11-15T09:13:31.893Z] >>> HTTP REQUEST GET https://cloudfunctions.googleapis.com/v1/operations/YWxscm91bmRlZGl0b3ItZGNjNTEvYXNpYS1ub3J0aGVhc3QzL2FwaS9LTVFKZHg1M2ItMA  
 
[debug] [2020-11-15T09:13:32.336Z] <<< HTTP RESPONSE 200 {"content-type":"application/json; charset=UTF-8","vary":"X-Origin, Referer, Origin,Accept-Encoding","date":"Sun, 15 Nov 2020 09:13:33 GMT","server":"ESF","cache-control":"private","x-xss-protection":"0","x-frame-options":"SAMEORIGIN","x-content-type-options":"nosniff","alt-svc":"h3-Q050=\":443\"; ma=2592000,h3-29=\":443\"; ma=2592000,h3-T051=\":443\"; ma=2592000,h3-Q046=\":443\"; ma=2592000,h3-Q043=\":443\"; ma=2592000,quic=\":443\"; ma=2592000; v=\"46,43\"","accept-ranges":"none","transfer-encoding":"chunked"}
[debug] [2020-11-15T09:13:34.355Z] >>> HTTP REQUEST GET https://cloudfunctions.googleapis.com/v1/operations/YWxscm91bmRlZGl0b3ItZGNjNTEvYXNpYS1ub3J0aGVhc3QzL2FwaS9LTVFKZHg1M2ItMA  
 
[debug] [2020-11-15T09:13:34.780Z] <<< HTTP RESPONSE 200 {"content-type":"application/json; charset=UTF-8","vary":"X-Origin, Referer, Origin,Accept-Encoding","date":"Sun, 15 Nov 2020 09:13:35 GMT","server":"ESF","cache-control":"private","x-xss-protection":"0","x-frame-options":"SAMEORIGIN","x-content-type-options":"nosniff","alt-svc":"h3-Q050=\":443\"; ma=2592000,h3-29=\":443\"; ma=2592000,h3-T051=\":443\"; ma=2592000,h3-Q046=\":443\"; ma=2592000,h3-Q043=\":443\"; ma=2592000,quic=\":443\"; ma=2592000; v=\"46,43\"","accept-ranges":"none","transfer-encoding":"chunked"}
[debug] [2020-11-15T09:13:36.784Z] >>> HTTP REQUEST GET https://cloudfunctions.googleapis.com/v1/operations/YWxscm91bmRlZGl0b3ItZGNjNTEvYXNpYS1ub3J0aGVhc3QzL2FwaS9LTVFKZHg1M2ItMA  
 
[debug] [2020-11-15T09:13:37.149Z] <<< HTTP RESPONSE 200 {"content-type":"application/json; charset=UTF-8","vary":"X-Origin, Referer, Origin,Accept-Encoding","date":"Sun, 15 Nov 2020 09:13:37 GMT","server":"ESF","cache-control":"private","x-xss-protection":"0","x-frame-options":"SAMEORIGIN","x-content-type-options":"nosniff","alt-svc":"h3-Q050=\":443\"; ma=2592000,h3-29=\":443\"; ma=2592000,h3-T051=\":443\"; ma=2592000,h3-Q046=\":443\"; ma=2592000,h3-Q043=\":443\"; ma=2592000,quic=\":443\"; ma=2592000; v=\"46,43\"","accept-ranges":"none","transfer-encoding":"chunked"}
[debug] [2020-11-15T09:13:39.162Z] >>> HTTP REQUEST GET https://cloudfunctions.googleapis.com/v1/operations/YWxscm91bmRlZGl0b3ItZGNjNTEvYXNpYS1ub3J0aGVhc3QzL2FwaS9LTVFKZHg1M2ItMA  
 
[debug] [2020-11-15T09:13:39.550Z] <<< HTTP RESPONSE 200 {"content-type":"application/json; charset=UTF-8","vary":"X-Origin, Referer, Origin,Accept-Encoding","date":"Sun, 15 Nov 2020 09:13:40 GMT","server":"ESF","cache-control":"private","x-xss-protection":"0","x-frame-options":"SAMEORIGIN","x-content-type-options":"nosniff","alt-svc":"h3-Q050=\":443\"; ma=2592000,h3-29=\":443\"; ma=2592000,h3-T051=\":443\"; ma=2592000,h3-Q046=\":443\"; ma=2592000,h3-Q043=\":443\"; ma=2592000,quic=\":443\"; ma=2592000; v=\"46,43\"","accept-ranges":"none","transfer-encoding":"chunked"}
[debug] [2020-11-15T09:13:41.569Z] >>> HTTP REQUEST GET https://cloudfunctions.googleapis.com/v1/operations/YWxscm91bmRlZGl0b3ItZGNjNTEvYXNpYS1ub3J0aGVhc3QzL2FwaS9LTVFKZHg1M2ItMA  
 
[debug] [2020-11-15T09:13:42.152Z] <<< HTTP RESPONSE 200 {"content-type":"application/json; charset=UTF-8","vary":"X-Origin, Referer, Origin,Accept-Encoding","date":"Sun, 15 Nov 2020 09:13:42 GMT","server":"ESF","cache-control":"private","x-xss-protection":"0","x-frame-options":"SAMEORIGIN","x-content-type-options":"nosniff","alt-svc":"h3-Q050=\":443\"; ma=2592000,h3-29=\":443\"; ma=2592000,h3-T051=\":443\"; ma=2592000,h3-Q046=\":443\"; ma=2592000,h3-Q043=\":443\"; ma=2592000,quic=\":443\"; ma=2592000; v=\"46,43\"","accept-ranges":"none","transfer-encoding":"chunked"}
[debug] [2020-11-15T09:13:44.163Z] >>> HTTP REQUEST GET https://cloudfunctions.googleapis.com/v1/operations/YWxscm91bmRlZGl0b3ItZGNjNTEvYXNpYS1ub3J0aGVhc3QzL2FwaS9LTVFKZHg1M2ItMA  
 
[debug] [2020-11-15T09:13:44.709Z] <<< HTTP RESPONSE 200 {"content-type":"application/json; charset=UTF-8","vary":"X-Origin, Referer, Origin,Accept-Encoding","date":"Sun, 15 Nov 2020 09:13:45 GMT","server":"ESF","cache-control":"private","x-xss-protection":"0","x-frame-options":"SAMEORIGIN","x-content-type-options":"nosniff","alt-svc":"h3-Q050=\":443\"; ma=2592000,h3-29=\":443\"; ma=2592000,h3-T051=\":443\"; ma=2592000,h3-Q046=\":443\"; ma=2592000,h3-Q043=\":443\"; ma=2592000,quic=\":443\"; ma=2592000; v=\"46,43\"","accept-ranges":"none","transfer-encoding":"chunked"}
[debug] [2020-11-15T09:13:46.712Z] >>> HTTP REQUEST GET https://cloudfunctions.googleapis.com/v1/operations/YWxscm91bmRlZGl0b3ItZGNjNTEvYXNpYS1ub3J0aGVhc3QzL2FwaS9LTVFKZHg1M2ItMA  
 
[debug] [2020-11-15T09:13:47.151Z] <<< HTTP RESPONSE 200 {"content-type":"application/json; charset=UTF-8","vary":"X-Origin, Referer, Origin,Accept-Encoding","date":"Sun, 15 Nov 2020 09:13:47 GMT","server":"ESF","cache-control":"private","x-xss-protection":"0","x-frame-options":"SAMEORIGIN","x-content-type-options":"nosniff","alt-svc":"h3-Q050=\":443\"; ma=2592000,h3-29=\":443\"; ma=2592000,h3-T051=\":443\"; ma=2592000,h3-Q046=\":443\"; ma=2592000,h3-Q043=\":443\"; ma=2592000,quic=\":443\"; ma=2592000; v=\"46,43\"","accept-ranges":"none","transfer-encoding":"chunked"}
[debug] [2020-11-15T09:13:49.162Z] >>> HTTP REQUEST GET https://cloudfunctions.googleapis.com/v1/operations/YWxscm91bmRlZGl0b3ItZGNjNTEvYXNpYS1ub3J0aGVhc3QzL2FwaS9LTVFKZHg1M2ItMA  
 
[debug] [2020-11-15T09:13:49.526Z] <<< HTTP RESPONSE 200 {"content-type":"application/json; charset=UTF-8","vary":"X-Origin, Referer, Origin,Accept-Encoding","date":"Sun, 15 Nov 2020 09:13:50 GMT","server":"ESF","cache-control":"private","x-xss-protection":"0","x-frame-options":"SAMEORIGIN","x-content-type-options":"nosniff","alt-svc":"h3-Q050=\":443\"; ma=2592000,h3-29=\":443\"; ma=2592000,h3-T051=\":443\"; ma=2592000,h3-Q046=\":443\"; ma=2592000,h3-Q043=\":443\"; ma=2592000,quic=\":443\"; ma=2592000; v=\"46,43\"","accept-ranges":"none","transfer-encoding":"chunked"}
[debug] [2020-11-15T09:13:51.542Z] >>> HTTP REQUEST GET https://cloudfunctions.googleapis.com/v1/operations/YWxscm91bmRlZGl0b3ItZGNjNTEvYXNpYS1ub3J0aGVhc3QzL2FwaS9LTVFKZHg1M2ItMA  
 
[debug] [2020-11-15T09:13:51.920Z] <<< HTTP RESPONSE 200 {"content-type":"application/json; charset=UTF-8","vary":"X-Origin, Referer, Origin,Accept-Encoding","date":"Sun, 15 Nov 2020 09:13:52 GMT","server":"ESF","cache-control":"private","x-xss-protection":"0","x-frame-options":"SAMEORIGIN","x-content-type-options":"nosniff","alt-svc":"h3-Q050=\":443\"; ma=2592000,h3-29=\":443\"; ma=2592000,h3-T051=\":443\"; ma=2592000,h3-Q046=\":443\"; ma=2592000,h3-Q043=\":443\"; ma=2592000,quic=\":443\"; ma=2592000; v=\"46,43\"","accept-ranges":"none","transfer-encoding":"chunked"}
[debug] [2020-11-15T09:13:53.930Z] >>> HTTP REQUEST GET https://cloudfunctions.googleapis.com/v1/operations/YWxscm91bmRlZGl0b3ItZGNjNTEvYXNpYS1ub3J0aGVhc3QzL2FwaS9LTVFKZHg1M2ItMA  
 
[debug] [2020-11-15T09:13:54.311Z] <<< HTTP RESPONSE 200 {"content-type":"application/json; charset=UTF-8","vary":"X-Origin, Referer, Origin,Accept-Encoding","date":"Sun, 15 Nov 2020 09:13:55 GMT","server":"ESF","cache-control":"private","x-xss-protection":"0","x-frame-options":"SAMEORIGIN","x-content-type-options":"nosniff","alt-svc":"h3-Q050=\":443\"; ma=2592000,h3-29=\":443\"; ma=2592000,h3-T051=\":443\"; ma=2592000,h3-Q046=\":443\"; ma=2592000,h3-Q043=\":443\"; ma=2592000,quic=\":443\"; ma=2592000; v=\"46,43\"","accept-ranges":"none","transfer-encoding":"chunked"}
[debug] [2020-11-15T09:13:56.319Z] >>> HTTP REQUEST GET https://cloudfunctions.googleapis.com/v1/operations/YWxscm91bmRlZGl0b3ItZGNjNTEvYXNpYS1ub3J0aGVhc3QzL2FwaS9LTVFKZHg1M2ItMA  
 
[debug] [2020-11-15T09:13:56.698Z] <<< HTTP RESPONSE 200 {"content-type":"application/json; charset=UTF-8","vary":"X-Origin, Referer, Origin,Accept-Encoding","date":"Sun, 15 Nov 2020 09:13:57 GMT","server":"ESF","cache-control":"private","x-xss-protection":"0","x-frame-options":"SAMEORIGIN","x-content-type-options":"nosniff","alt-svc":"h3-Q050=\":443\"; ma=2592000,h3-29=\":443\"; ma=2592000,h3-T051=\":443\"; ma=2592000,h3-Q046=\":443\"; ma=2592000,h3-Q043=\":443\"; ma=2592000,quic=\":443\"; ma=2592000; v=\"46,43\"","accept-ranges":"none","transfer-encoding":"chunked"}
[debug] [2020-11-15T09:13:58.725Z] >>> HTTP REQUEST GET https://cloudfunctions.googleapis.com/v1/operations/YWxscm91bmRlZGl0b3ItZGNjNTEvYXNpYS1ub3J0aGVhc3QzL2FwaS9LTVFKZHg1M2ItMA  
 
[debug] [2020-11-15T09:13:59.119Z] <<< HTTP RESPONSE 200 {"content-type":"application/json; charset=UTF-8","vary":"X-Origin, Referer, Origin,Accept-Encoding","date":"Sun, 15 Nov 2020 09:13:59 GMT","server":"ESF","cache-control":"private","x-xss-protection":"0","x-frame-options":"SAMEORIGIN","x-content-type-options":"nosniff","alt-svc":"h3-Q050=\":443\"; ma=2592000,h3-29=\":443\"; ma=2592000,h3-T051=\":443\"; ma=2592000,h3-Q046=\":443\"; ma=2592000,h3-Q043=\":443\"; ma=2592000,quic=\":443\"; ma=2592000; v=\"46,43\"","accept-ranges":"none","transfer-encoding":"chunked"}
[debug] [2020-11-15T09:14:01.150Z] >>> HTTP REQUEST GET https://cloudfunctions.googleapis.com/v1/operations/YWxscm91bmRlZGl0b3ItZGNjNTEvYXNpYS1ub3J0aGVhc3QzL2FwaS9LTVFKZHg1M2ItMA  
 
[debug] [2020-11-15T09:14:01.549Z] <<< HTTP RESPONSE 200 {"content-type":"application/json; charset=UTF-8","vary":"X-Origin, Referer, Origin,Accept-Encoding","date":"Sun, 15 Nov 2020 09:14:02 GMT","server":"ESF","cache-control":"private","x-xss-protection":"0","x-frame-options":"SAMEORIGIN","x-content-type-options":"nosniff","alt-svc":"h3-Q050=\":443\"; ma=2592000,h3-29=\":443\"; ma=2592000,h3-T051=\":443\"; ma=2592000,h3-Q046=\":443\"; ma=2592000,h3-Q043=\":443\"; ma=2592000,quic=\":443\"; ma=2592000; v=\"46,43\"","accept-ranges":"none","transfer-encoding":"chunked"}
[debug] [2020-11-15T09:14:03.563Z] >>> HTTP REQUEST GET https://cloudfunctions.googleapis.com/v1/operations/YWxscm91bmRlZGl0b3ItZGNjNTEvYXNpYS1ub3J0aGVhc3QzL2FwaS9LTVFKZHg1M2ItMA  
 
[debug] [2020-11-15T09:14:04.059Z] <<< HTTP RESPONSE 200 {"content-type":"application/json; charset=UTF-8","vary":"X-Origin, Referer, Origin,Accept-Encoding","date":"Sun, 15 Nov 2020 09:14:04 GMT","server":"ESF","cache-control":"private","x-xss-protection":"0","x-frame-options":"SAMEORIGIN","x-content-type-options":"nosniff","alt-svc":"h3-Q050=\":443\"; ma=2592000,h3-29=\":443\"; ma=2592000,h3-T051=\":443\"; ma=2592000,h3-Q046=\":443\"; ma=2592000,h3-Q043=\":443\"; ma=2592000,quic=\":443\"; ma=2592000; v=\"46,43\"","accept-ranges":"none","transfer-encoding":"chunked"}
[warn] !  functions[api(asia-northeast3)]: Deployment error. 
[info] Function failed on loading user code. Error message: Error: please examine your function logs to see the error cause: https://cloud.google.com/functions/docs/monitoring/logging#viewing_logs. Additional troubleshooting documentation can be found at https://cloud.google.com/functions/docs/troubleshooting#logging
[info] 

Functions deploy had errors with the following functions:
[info] 	api
[info] 

To try redeploying those functions, run:
[info]     firebase deploy --only "functions:api"
[info] 

To continue deploying other features (such as database), run:
[info]     firebase deploy --except functions
[error] 
[error] Error: Functions did not deploy properly.
